<?xml version="1.0" encoding="UTF-8"?>
<testsuite name="math.SergeyAlgoTest" tests="3" skipped="0" failures="0" errors="0" timestamp="2019-11-11T07:27:05" hostname="DESKTOP-HSKT15E" time="0.024">
  <properties/>
  <testcase name="allAlgorithms" classname="math.SergeyAlgoTest" time="0.02"/>
  <testcase name="onlyNadir" classname="math.SergeyAlgoTest" time="0.002"/>
  <testcase name="greedAndNadir" classname="math.SergeyAlgoTest" time="0.002"/>
  <system-out><![CDATA[РљРѕР»РёС‡РµСЃС‚РІРѕ СЂРµС€РµРЅРёР№ Р¶Р°РґРЅС‹Рј Р°Р»РіРѕСЂРёС‚РјРѕРј 8
РџСЂРѕРІРµСЂРєР° РїСЂРѕР№РґРµРЅР° СѓСЃРїРµС€РЅРѕ
Р’СЂРµРјСЏ РЅР° Р¶Р°РґРЅС‹Р№ Р°Р»РіРѕСЂРёС‚Рј 2 РјРёР»Р»РёСЃРµРєСѓРЅРґ

РљРѕР»РёС‡РµСЃС‚РІРѕ СЂРµС€РµРЅРёР№ РґРёРЅР°РјРёС‡РµСЃРєРёРј Р°Р»РіРѕСЂРёС‚РјРѕРј (РїРѕ РґР»РёРЅРµ) 8
РџСЂРѕРІРµСЂРєР° РїСЂРѕР№РґРµРЅР° СѓСЃРїРµС€РЅРѕ
Р’СЂРµРјСЏ РЅР° РґРёРЅР°РјРёС‡РµСЃРєРёРј Р°Р»РіРѕСЂРёС‚РјРѕРј (РїРѕ РґР»РёРЅРµ) 4 РјРёР»Р»РёСЃРµРєСѓРЅРґ

РљРѕР»РёС‡РµСЃС‚РІРѕ СЂРµС€РµРЅРёР№ РґРёРЅР°РјРёС‡РµСЃРєРёРј Р°Р»РіРѕСЂРёС‚РјРѕРј (РїРѕ РєРѕР»РёС‡РµСЃС‚РІСѓ) 8
РџСЂРѕРІРµСЂРєР° РїСЂРѕР№РґРµРЅР° СѓСЃРїРµС€РЅРѕ
Р’СЂРµРјСЏ РЅР° РґРёРЅР°РјРёС‡РµСЃРєРёРј Р°Р»РіРѕСЂРёС‚РјРѕРј (РїРѕ РєРѕР»РёС‡РµСЃС‚РІСѓ) 8 РјРёР»Р»РёСЃРµРєСѓРЅРґ

РљРѕР»РёС‡РµСЃС‚РІРѕ СЂРµС€РµРЅРёР№ Р±С‹СЃС‚СЂС‹Рј РґРёРЅР°РјРёС‡РµСЃРєРёРј 8
РџСЂРѕРІРµСЂРєР° РїСЂРѕР№РґРµРЅР° СѓСЃРїРµС€РЅРѕ
Р’СЂРµРјСЏ РЅР° РґРёРЅР°РјРёС‡РµСЃРєРёРј Р°Р»РіРѕСЂРёС‚РјРѕРј Р±С‹СЃС‚СЂС‹Р№ 2 РјРёР»Р»РёСЃРµРєСѓРЅРґ

РџСЂРѕРІРµСЂРєР° РїСЂРѕР№РґРµРЅР°
РљРѕР»РёС‡РµСЃС‚РІРѕ СЂРµС€РµРЅРёР№ РЅР°РґРёСЂРЅС‹Рј Р°Р»РіРѕСЂРёС‚РјРѕРј 9/10
Р’СЂРµРјСЏ РЅР° РЅР°РґРёСЂРЅС‹Р№ Р°Р»РіРѕСЂРёС‚Рј 2 РјРёР»Р»РёСЃРµРєСѓРЅРґ

РџСЂРѕРІРµСЂРєР° РїСЂРѕР№РґРµРЅР°
РљРѕР»РёС‡РµСЃС‚РІРѕ СЂРµС€РµРЅРёР№ РЅР°РґРёСЂРЅС‹Рј Р°Р»РіРѕСЂРёС‚РјРѕРј 9/10
Р’СЂРµРјСЏ РЅР° РЅР°РґРёСЂРЅС‹Р№ Р°Р»РіРѕСЂРёС‚Рј 1 РјРёР»Р»РёСЃРµРєСѓРЅРґ

РљРѕР»РёС‡РµСЃС‚РІРѕ СЂРµС€РµРЅРёР№ Р¶Р°РґРЅС‹Рј Р°Р»РіРѕСЂРёС‚РјРѕРј 9
РџСЂРѕРІРµСЂРєР° РЅРµ РїСЂРѕР№РґРµРЅР°
Р’СЂРµРјСЏ РЅР° Р¶Р°РґРЅС‹Р№ Р°Р»РіРѕСЂРёС‚Рј 1 РјРёР»Р»РёСЃРµРєСѓРЅРґ

РџСЂРѕРІРµСЂРєР° РїСЂРѕР№РґРµРЅР°
РљРѕР»РёС‡РµСЃС‚РІРѕ СЂРµС€РµРЅРёР№ РЅР°РґРёСЂРЅС‹Рј Р°Р»РіРѕСЂРёС‚РјРѕРј 9/10
Р’СЂРµРјСЏ РЅР° РЅР°РґРёСЂРЅС‹Р№ Р°Р»РіРѕСЂРёС‚Рј 1 РјРёР»Р»РёСЃРµРєСѓРЅРґ

]]></system-out>
  <system-err><![CDATA[]]></system-err>
</testsuite>
