<?xml version="1.0" encoding="UTF-8"?>
<testsuite name="math.Testing" tests="4" skipped="0" failures="0" errors="0" timestamp="2019-11-11T07:27:05" hostname="DESKTOP-HSKT15E" time="0.132">
  <properties/>
  <testcase name="testList" classname="math.Testing" time="0.047"/>
  <testcase name="asd" classname="math.Testing" time="0.009"/>
  <testcase name="test" classname="math.Testing" time="0.075"/>
  <testcase name="howManyMemory" classname="math.Testing" time="0.0"/>
  <system-out><![CDATA[[20-31 R3 Id512, 160-171 R3 Id512, 300-311 R3 Id512, 440-451 R3 Id512, 580-591 R3 Id512, 720-731 R3 Id512, 860-871 R3 Id512, 1000-1011 R3 Id512, 1140-1151 R3 Id512, 1280-1291 R3 Id512]
[35-42 R3 Id513, 175-182 R3 Id513, 315-322 R3 Id513, 455-462 R3 Id513, 595-602 R3 Id513, 735-742 R3 Id513, 875-882 R3 Id513, 1015-1022 R3 Id513, 1155-1162 R3 Id513, 1295-1302 R3 Id513]
[50-55 R3 Id514, 190-195 R3 Id514, 330-335 R3 Id514, 470-475 R3 Id514, 610-615 R3 Id514, 750-755 R3 Id514, 890-895 R3 Id514, 1030-1035 R3 Id514, 1170-1175 R3 Id514, 1310-1315 R3 Id514]
[62-65 R3 Id515, 202-205 R3 Id515, 342-345 R3 Id515, 482-485 R3 Id515, 622-625 R3 Id515, 762-765 R3 Id515, 902-905 R3 Id515, 1042-1045 R3 Id515, 1182-1185 R3 Id515, 1322-1325 R3 Id515]
[68-76 R3 Id516, 208-216 R3 Id516, 348-356 R3 Id516, 488-496 R3 Id516, 628-636 R3 Id516, 768-776 R3 Id516, 908-916 R3 Id516, 1048-1056 R3 Id516, 1188-1196 R3 Id516, 1328-1336 R3 Id516]
[82-88 R3 Id517, 222-228 R3 Id517, 362-368 R3 Id517, 502-508 R3 Id517, 642-648 R3 Id517, 782-788 R3 Id517, 922-928 R3 Id517, 1062-1068 R3 Id517, 1202-1208 R3 Id517, 1342-1348 R3 Id517]
[89-94 R3 Id518, 229-234 R3 Id518, 369-374 R3 Id518, 509-514 R3 Id518, 649-654 R3 Id518, 789-794 R3 Id518, 929-934 R3 Id518, 1069-1074 R3 Id518, 1209-1214 R3 Id518, 1349-1354 R3 Id518]
[102-106 R3 Id519, 242-246 R3 Id519, 382-386 R3 Id519, 522-526 R3 Id519, 662-666 R3 Id519, 802-806 R3 Id519, 942-946 R3 Id519, 1082-1086 R3 Id519, 1222-1226 R3 Id519, 1362-1366 R3 Id519]
[1-8 R4 Id520, 141-148 R4 Id520, 281-288 R4 Id520, 421-428 R4 Id520, 561-568 R4 Id520, 701-708 R4 Id520, 841-848 R4 Id520, 981-988 R4 Id520, 1121-1128 R4 Id520, 1261-1268 R4 Id520]
[15-24 R4 Id521, 155-164 R4 Id521, 295-304 R4 Id521, 435-444 R4 Id521, 575-584 R4 Id521, 715-724 R4 Id521, 855-864 R4 Id521, 995-1004 R4 Id521, 1135-1144 R4 Id521, 1275-1284 R4 Id521]
[29-32 R4 Id522, 169-172 R4 Id522, 309-312 R4 Id522, 449-452 R4 Id522, 589-592 R4 Id522, 729-732 R4 Id522, 869-872 R4 Id522, 1009-1012 R4 Id522, 1149-1152 R4 Id522, 1289-1292 R4 Id522]
[37-40 R4 Id523, 177-180 R4 Id523, 317-320 R4 Id523, 457-460 R4 Id523, 597-600 R4 Id523, 737-740 R4 Id523, 877-880 R4 Id523, 1017-1020 R4 Id523, 1157-1160 R4 Id523, 1297-1300 R4 Id523]
[49-59 R4 Id524, 189-199 R4 Id524, 329-339 R4 Id524, 469-479 R4 Id524, 609-619 R4 Id524, 749-759 R4 Id524, 889-899 R4 Id524, 1029-1039 R4 Id524, 1169-1179 R4 Id524, 1309-1319 R4 Id524]
[66-73 R4 Id525, 206-213 R4 Id525, 346-353 R4 Id525, 486-493 R4 Id525, 626-633 R4 Id525, 766-773 R4 Id525, 906-913 R4 Id525, 1046-1053 R4 Id525, 1186-1193 R4 Id525, 1326-1333 R4 Id525]
[79-89 R4 Id526, 219-229 R4 Id526, 359-369 R4 Id526, 499-509 R4 Id526, 639-649 R4 Id526, 779-789 R4 Id526, 919-929 R4 Id526, 1059-1069 R4 Id526, 1199-1209 R4 Id526, 1339-1349 R4 Id526]
[95-106 R4 Id527, 235-246 R4 Id527, 375-386 R4 Id527, 515-526 R4 Id527, 655-666 R4 Id527, 795-806 R4 Id527, 935-946 R4 Id527, 1075-1086 R4 Id527, 1215-1226 R4 Id527, 1355-1366 R4 Id527]
[116-121 R4 Id528, 256-261 R4 Id528, 396-401 R4 Id528, 536-541 R4 Id528, 676-681 R4 Id528, 816-821 R4 Id528, 956-961 R4 Id528, 1096-1101 R4 Id528, 1236-1241 R4 Id528, 1376-1381 R4 Id528]
[130-139 R4 Id529, 270-279 R4 Id529, 410-419 R4 Id529, 550-559 R4 Id529, 690-699 R4 Id529, 830-839 R4 Id529, 970-979 R4 Id529, 1110-1119 R4 Id529, 1250-1259 R4 Id529, 1390-1399 R4 Id529]
[6-10 R5 Id530, 146-150 R5 Id530, 286-290 R5 Id530, 426-430 R5 Id530, 566-570 R5 Id530, 706-710 R5 Id530, 846-850 R5 Id530, 986-990 R5 Id530, 1126-1130 R5 Id530, 1266-1270 R5 Id530]
[17-24 R5 Id531, 157-164 R5 Id531, 297-304 R5 Id531, 437-444 R5 Id531, 577-584 R5 Id531, 717-724 R5 Id531, 857-864 R5 Id531, 997-1004 R5 Id531, 1137-1144 R5 Id531, 1277-1284 R5 Id531]
[30-35 R5 Id532, 170-175 R5 Id532, 310-315 R5 Id532, 450-455 R5 Id532, 590-595 R5 Id532, 730-735 R5 Id532, 870-875 R5 Id532, 1010-1015 R5 Id532, 1150-1155 R5 Id532, 1290-1295 R5 Id532]
[40-44 R5 Id533, 180-184 R5 Id533, 320-324 R5 Id533, 460-464 R5 Id533, 600-604 R5 Id533, 740-744 R5 Id533, 880-884 R5 Id533, 1020-1024 R5 Id533, 1160-1164 R5 Id533, 1300-1304 R5 Id533]
[50-54 R5 Id534, 190-194 R5 Id534, 330-334 R5 Id534, 470-474 R5 Id534, 610-614 R5 Id534, 750-754 R5 Id534, 890-894 R5 Id534, 1030-1034 R5 Id534, 1170-1174 R5 Id534, 1310-1314 R5 Id534]
[57-67 R5 Id535, 197-207 R5 Id535, 337-347 R5 Id535, 477-487 R5 Id535, 617-627 R5 Id535, 757-767 R5 Id535, 897-907 R5 Id535, 1037-1047 R5 Id535, 1177-1187 R5 Id535, 1317-1327 R5 Id535]
[77-83 R5 Id536, 217-223 R5 Id536, 357-363 R5 Id536, 497-503 R5 Id536, 637-643 R5 Id536, 777-783 R5 Id536, 917-923 R5 Id536, 1057-1063 R5 Id536, 1197-1203 R5 Id536, 1337-1343 R5 Id536]
[85-92 R5 Id537, 225-232 R5 Id537, 365-372 R5 Id537, 505-512 R5 Id537, 645-652 R5 Id537, 785-792 R5 Id537, 925-932 R5 Id537, 1065-1072 R5 Id537, 1205-1212 R5 Id537, 1345-1352 R5 Id537]
[97-103 R5 Id538, 237-243 R5 Id538, 377-383 R5 Id538, 517-523 R5 Id538, 657-663 R5 Id538, 797-803 R5 Id538, 937-943 R5 Id538, 1077-1083 R5 Id538, 1217-1223 R5 Id538, 1357-1363 R5 Id538]
[105-111 R5 Id539, 245-251 R5 Id539, 385-391 R5 Id539, 525-531 R5 Id539, 665-671 R5 Id539, 805-811 R5 Id539, 945-951 R5 Id539, 1085-1091 R5 Id539, 1225-1231 R5 Id539, 1365-1371 R5 Id539]
[9-11 R6 Id540, 149-151 R6 Id540, 289-291 R6 Id540, 429-431 R6 Id540, 569-571 R6 Id540, 709-711 R6 Id540, 849-851 R6 Id540, 989-991 R6 Id540, 1129-1131 R6 Id540, 1269-1271 R6 Id540]
[18-20 R6 Id541, 158-160 R6 Id541, 298-300 R6 Id541, 438-440 R6 Id541, 578-580 R6 Id541, 718-720 R6 Id541, 858-860 R6 Id541, 998-1000 R6 Id541, 1138-1140 R6 Id541, 1278-1280 R6 Id541]
[26-35 R6 Id542, 166-175 R6 Id542, 306-315 R6 Id542, 446-455 R6 Id542, 586-595 R6 Id542, 726-735 R6 Id542, 866-875 R6 Id542, 1006-1015 R6 Id542, 1146-1155 R6 Id542, 1286-1295 R6 Id542]
[39-49 R6 Id543, 179-189 R6 Id543, 319-329 R6 Id543, 459-469 R6 Id543, 599-609 R6 Id543, 739-749 R6 Id543, 879-889 R6 Id543, 1019-1029 R6 Id543, 1159-1169 R6 Id543, 1299-1309 R6 Id543]
[55-58 R6 Id544, 195-198 R6 Id544, 335-338 R6 Id544, 475-478 R6 Id544, 615-618 R6 Id544, 755-758 R6 Id544, 895-898 R6 Id544, 1035-1038 R6 Id544, 1175-1178 R6 Id544, 1315-1318 R6 Id544]
[65-74 R6 Id545, 205-214 R6 Id545, 345-354 R6 Id545, 485-494 R6 Id545, 625-634 R6 Id545, 765-774 R6 Id545, 905-914 R6 Id545, 1045-1054 R6 Id545, 1185-1194 R6 Id545, 1325-1334 R6 Id545]
[78-83 R6 Id546, 218-223 R6 Id546, 358-363 R6 Id546, 498-503 R6 Id546, 638-643 R6 Id546, 778-783 R6 Id546, 918-923 R6 Id546, 1058-1063 R6 Id546, 1198-1203 R6 Id546, 1338-1343 R6 Id546]
[85-92 R6 Id547, 225-232 R6 Id547, 365-372 R6 Id547, 505-512 R6 Id547, 645-652 R6 Id547, 785-792 R6 Id547, 925-932 R6 Id547, 1065-1072 R6 Id547, 1205-1212 R6 Id547, 1345-1352 R6 Id547]
[97-102 R6 Id548, 237-242 R6 Id548, 377-382 R6 Id548, 517-522 R6 Id548, 657-662 R6 Id548, 797-802 R6 Id548, 937-942 R6 Id548, 1077-1082 R6 Id548, 1217-1222 R6 Id548, 1357-1362 R6 Id548]
[108-118 R6 Id549, 248-258 R6 Id549, 388-398 R6 Id549, 528-538 R6 Id549, 668-678 R6 Id549, 808-818 R6 Id549, 948-958 R6 Id549, 1088-1098 R6 Id549, 1228-1238 R6 Id549, 1368-1378 R6 Id549]
[9-12 R7 Id550, 149-152 R7 Id550, 289-292 R7 Id550, 429-432 R7 Id550, 569-572 R7 Id550, 709-712 R7 Id550, 849-852 R7 Id550, 989-992 R7 Id550, 1129-1132 R7 Id550, 1269-1272 R7 Id550]
[20-27 R7 Id551, 160-167 R7 Id551, 300-307 R7 Id551, 440-447 R7 Id551, 580-587 R7 Id551, 720-727 R7 Id551, 860-867 R7 Id551, 1000-1007 R7 Id551, 1140-1147 R7 Id551, 1280-1287 R7 Id551]
[34-40 R7 Id552, 174-180 R7 Id552, 314-320 R7 Id552, 454-460 R7 Id552, 594-600 R7 Id552, 734-740 R7 Id552, 874-880 R7 Id552, 1014-1020 R7 Id552, 1154-1160 R7 Id552, 1294-1300 R7 Id552]
[49-54 R7 Id553, 189-194 R7 Id553, 329-334 R7 Id553, 469-474 R7 Id553, 609-614 R7 Id553, 749-754 R7 Id553, 889-894 R7 Id553, 1029-1034 R7 Id553, 1169-1174 R7 Id553, 1309-1314 R7 Id553]
[62-68 R7 Id554, 202-208 R7 Id554, 342-348 R7 Id554, 482-488 R7 Id554, 622-628 R7 Id554, 762-768 R7 Id554, 902-908 R7 Id554, 1042-1048 R7 Id554, 1182-1188 R7 Id554, 1322-1328 R7 Id554]
[75-85 R7 Id555, 215-225 R7 Id555, 355-365 R7 Id555, 495-505 R7 Id555, 635-645 R7 Id555, 775-785 R7 Id555, 915-925 R7 Id555, 1055-1065 R7 Id555, 1195-1205 R7 Id555, 1335-1345 R7 Id555]
[87-90 R7 Id556, 227-230 R7 Id556, 367-370 R7 Id556, 507-510 R7 Id556, 647-650 R7 Id556, 787-790 R7 Id556, 927-930 R7 Id556, 1067-1070 R7 Id556, 1207-1210 R7 Id556, 1347-1350 R7 Id556]
[92-94 R7 Id557, 232-234 R7 Id557, 372-374 R7 Id557, 512-514 R7 Id557, 652-654 R7 Id557, 792-794 R7 Id557, 932-934 R7 Id557, 1072-1074 R7 Id557, 1212-1214 R7 Id557, 1352-1354 R7 Id557]
[100-111 R7 Id558, 240-251 R7 Id558, 380-391 R7 Id558, 520-531 R7 Id558, 660-671 R7 Id558, 800-811 R7 Id558, 940-951 R7 Id558, 1080-1091 R7 Id558, 1220-1231 R7 Id558, 1360-1371 R7 Id558]
[118-129 R7 Id559, 258-269 R7 Id559, 398-409 R7 Id559, 538-549 R7 Id559, 678-689 R7 Id559, 818-829 R7 Id559, 958-969 R7 Id559, 1098-1109 R7 Id559, 1238-1249 R7 Id559, 1378-1389 R7 Id559]
[8-15 R8 Id560, 148-155 R8 Id560, 288-295 R8 Id560, 428-435 R8 Id560, 568-575 R8 Id560, 708-715 R8 Id560, 848-855 R8 Id560, 988-995 R8 Id560, 1128-1135 R8 Id560, 1268-1275 R8 Id560]
[19-30 R8 Id561, 159-170 R8 Id561, 299-310 R8 Id561, 439-450 R8 Id561, 579-590 R8 Id561, 719-730 R8 Id561, 859-870 R8 Id561, 999-1010 R8 Id561, 1139-1150 R8 Id561, 1279-1290 R8 Id561]
[37-47 R8 Id562, 177-187 R8 Id562, 317-327 R8 Id562, 457-467 R8 Id562, 597-607 R8 Id562, 737-747 R8 Id562, 877-887 R8 Id562, 1017-1027 R8 Id562, 1157-1167 R8 Id562, 1297-1307 R8 Id562]
[51-58 R8 Id563, 191-198 R8 Id563, 331-338 R8 Id563, 471-478 R8 Id563, 611-618 R8 Id563, 751-758 R8 Id563, 891-898 R8 Id563, 1031-1038 R8 Id563, 1171-1178 R8 Id563, 1311-1318 R8 Id563]
[59-65 R8 Id564, 199-205 R8 Id564, 339-345 R8 Id564, 479-485 R8 Id564, 619-625 R8 Id564, 759-765 R8 Id564, 899-905 R8 Id564, 1039-1045 R8 Id564, 1179-1185 R8 Id564, 1319-1325 R8 Id564]
[70-76 R8 Id565, 210-216 R8 Id565, 350-356 R8 Id565, 490-496 R8 Id565, 630-636 R8 Id565, 770-776 R8 Id565, 910-916 R8 Id565, 1050-1056 R8 Id565, 1190-1196 R8 Id565, 1330-1336 R8 Id565]
[79-82 R8 Id566, 219-222 R8 Id566, 359-362 R8 Id566, 499-502 R8 Id566, 639-642 R8 Id566, 779-782 R8 Id566, 919-922 R8 Id566, 1059-1062 R8 Id566, 1199-1202 R8 Id566, 1339-1342 R8 Id566]
[86-92 R8 Id567, 226-232 R8 Id567, 366-372 R8 Id567, 506-512 R8 Id567, 646-652 R8 Id567, 786-792 R8 Id567, 926-932 R8 Id567, 1066-1072 R8 Id567, 1206-1212 R8 Id567, 1346-1352 R8 Id567]
[101-103 R8 Id568, 241-243 R8 Id568, 381-383 R8 Id568, 521-523 R8 Id568, 661-663 R8 Id568, 801-803 R8 Id568, 941-943 R8 Id568, 1081-1083 R8 Id568, 1221-1223 R8 Id568, 1361-1363 R8 Id568]
[105-110 R8 Id569, 245-250 R8 Id569, 385-390 R8 Id569, 525-530 R8 Id569, 665-670 R8 Id569, 805-810 R8 Id569, 945-950 R8 Id569, 1085-1090 R8 Id569, 1225-1230 R8 Id569, 1365-1370 R8 Id569]
[3-5 R9 Id570, 143-145 R9 Id570, 283-285 R9 Id570, 423-425 R9 Id570, 563-565 R9 Id570, 703-705 R9 Id570, 843-845 R9 Id570, 983-985 R9 Id570, 1123-1125 R9 Id570, 1263-1265 R9 Id570]
[13-16 R9 Id571, 153-156 R9 Id571, 293-296 R9 Id571, 433-436 R9 Id571, 573-576 R9 Id571, 713-716 R9 Id571, 853-856 R9 Id571, 993-996 R9 Id571, 1133-1136 R9 Id571, 1273-1276 R9 Id571]
[24-31 R9 Id572, 164-171 R9 Id572, 304-311 R9 Id572, 444-451 R9 Id572, 584-591 R9 Id572, 724-731 R9 Id572, 864-871 R9 Id572, 1004-1011 R9 Id572, 1144-1151 R9 Id572, 1284-1291 R9 Id572]
[33-37 R9 Id573, 173-177 R9 Id573, 313-317 R9 Id573, 453-457 R9 Id573, 593-597 R9 Id573, 733-737 R9 Id573, 873-877 R9 Id573, 1013-1017 R9 Id573, 1153-1157 R9 Id573, 1293-1297 R9 Id573]
[43-50 R9 Id574, 183-190 R9 Id574, 323-330 R9 Id574, 463-470 R9 Id574, 603-610 R9 Id574, 743-750 R9 Id574, 883-890 R9 Id574, 1023-1030 R9 Id574, 1163-1170 R9 Id574, 1303-1310 R9 Id574]
[58-62 R9 Id575, 198-202 R9 Id575, 338-342 R9 Id575, 478-482 R9 Id575, 618-622 R9 Id575, 758-762 R9 Id575, 898-902 R9 Id575, 1038-1042 R9 Id575, 1178-1182 R9 Id575, 1318-1322 R9 Id575]
[72-76 R9 Id576, 212-216 R9 Id576, 352-356 R9 Id576, 492-496 R9 Id576, 632-636 R9 Id576, 772-776 R9 Id576, 912-916 R9 Id576, 1052-1056 R9 Id576, 1192-1196 R9 Id576, 1332-1336 R9 Id576]
[81-91 R9 Id577, 221-231 R9 Id577, 361-371 R9 Id577, 501-511 R9 Id577, 641-651 R9 Id577, 781-791 R9 Id577, 921-931 R9 Id577, 1061-1071 R9 Id577, 1201-1211 R9 Id577, 1341-1351 R9 Id577]
[95-98 R9 Id578, 235-238 R9 Id578, 375-378 R9 Id578, 515-518 R9 Id578, 655-658 R9 Id578, 795-798 R9 Id578, 935-938 R9 Id578, 1075-1078 R9 Id578, 1215-1218 R9 Id578, 1355-1358 R9 Id578]
[108-114 R9 Id579, 248-254 R9 Id579, 388-394 R9 Id579, 528-534 R9 Id579, 668-674 R9 Id579, 808-814 R9 Id579, 948-954 R9 Id579, 1088-1094 R9 Id579, 1228-1234 R9 Id579, 1368-1374 R9 Id579]
[2-12 R10 Id580, 142-152 R10 Id580, 282-292 R10 Id580, 422-432 R10 Id580, 562-572 R10 Id580, 702-712 R10 Id580, 842-852 R10 Id580, 982-992 R10 Id580, 1122-1132 R10 Id580, 1262-1272 R10 Id580]
[22-27 R10 Id581, 162-167 R10 Id581, 302-307 R10 Id581, 442-447 R10 Id581, 582-587 R10 Id581, 722-727 R10 Id581, 862-867 R10 Id581, 1002-1007 R10 Id581, 1142-1147 R10 Id581, 1282-1287 R10 Id581]
[29-40 R10 Id582, 169-180 R10 Id582, 309-320 R10 Id582, 449-460 R10 Id582, 589-600 R10 Id582, 729-740 R10 Id582, 869-880 R10 Id582, 1009-1020 R10 Id582, 1149-1160 R10 Id582, 1289-1300 R10 Id582]
[45-48 R10 Id583, 185-188 R10 Id583, 325-328 R10 Id583, 465-468 R10 Id583, 605-608 R10 Id583, 745-748 R10 Id583, 885-888 R10 Id583, 1025-1028 R10 Id583, 1165-1168 R10 Id583, 1305-1308 R10 Id583]
[58-61 R10 Id584, 198-201 R10 Id584, 338-341 R10 Id584, 478-481 R10 Id584, 618-621 R10 Id584, 758-761 R10 Id584, 898-901 R10 Id584, 1038-1041 R10 Id584, 1178-1181 R10 Id584, 1318-1321 R10 Id584]
[66-69 R10 Id585, 206-209 R10 Id585, 346-349 R10 Id585, 486-489 R10 Id585, 626-629 R10 Id585, 766-769 R10 Id585, 906-909 R10 Id585, 1046-1049 R10 Id585, 1186-1189 R10 Id585, 1326-1329 R10 Id585]
[78-85 R10 Id586, 218-225 R10 Id586, 358-365 R10 Id586, 498-505 R10 Id586, 638-645 R10 Id586, 778-785 R10 Id586, 918-925 R10 Id586, 1058-1065 R10 Id586, 1198-1205 R10 Id586, 1338-1345 R10 Id586]
[86-88 R10 Id587, 226-228 R10 Id587, 366-368 R10 Id587, 506-508 R10 Id587, 646-648 R10 Id587, 786-788 R10 Id587, 926-928 R10 Id587, 1066-1068 R10 Id587, 1206-1208 R10 Id587, 1346-1348 R10 Id587]
[89-98 R10 Id588, 229-238 R10 Id588, 369-378 R10 Id588, 509-518 R10 Id588, 649-658 R10 Id588, 789-798 R10 Id588, 929-938 R10 Id588, 1069-1078 R10 Id588, 1209-1218 R10 Id588, 1349-1358 R10 Id588]
[99-110 R10 Id589, 239-250 R10 Id589, 379-390 R10 Id589, 519-530 R10 Id589, 659-670 R10 Id589, 799-810 R10 Id589, 939-950 R10 Id589, 1079-1090 R10 Id589, 1219-1230 R10 Id589, 1359-1370 R10 Id589]
[8-12 R11 Id590, 148-152 R11 Id590, 288-292 R11 Id590, 428-432 R11 Id590, 568-572 R11 Id590, 708-712 R11 Id590, 848-852 R11 Id590, 988-992 R11 Id590, 1128-1132 R11 Id590, 1268-1272 R11 Id590]
[14-16 R11 Id591, 154-156 R11 Id591, 294-296 R11 Id591, 434-436 R11 Id591, 574-576 R11 Id591, 714-716 R11 Id591, 854-856 R11 Id591, 994-996 R11 Id591, 1134-1136 R11 Id591, 1274-1276 R11 Id591]
[20-28 R11 Id592, 160-168 R11 Id592, 300-308 R11 Id592, 440-448 R11 Id592, 580-588 R11 Id592, 720-728 R11 Id592, 860-868 R11 Id592, 1000-1008 R11 Id592, 1140-1148 R11 Id592, 1280-1288 R11 Id592]
[37-47 R11 Id593, 177-187 R11 Id593, 317-327 R11 Id593, 457-467 R11 Id593, 597-607 R11 Id593, 737-747 R11 Id593, 877-887 R11 Id593, 1017-1027 R11 Id593, 1157-1167 R11 Id593, 1297-1307 R11 Id593]
[52-60 R11 Id594, 192-200 R11 Id594, 332-340 R11 Id594, 472-480 R11 Id594, 612-620 R11 Id594, 752-760 R11 Id594, 892-900 R11 Id594, 1032-1040 R11 Id594, 1172-1180 R11 Id594, 1312-1320 R11 Id594]
[61-68 R11 Id595, 201-208 R11 Id595, 341-348 R11 Id595, 481-488 R11 Id595, 621-628 R11 Id595, 761-768 R11 Id595, 901-908 R11 Id595, 1041-1048 R11 Id595, 1181-1188 R11 Id595, 1321-1328 R11 Id595]
[76-81 R11 Id596, 216-221 R11 Id596, 356-361 R11 Id596, 496-501 R11 Id596, 636-641 R11 Id596, 776-781 R11 Id596, 916-921 R11 Id596, 1056-1061 R11 Id596, 1196-1201 R11 Id596, 1336-1341 R11 Id596]
[87-93 R11 Id597, 227-233 R11 Id597, 367-373 R11 Id597, 507-513 R11 Id597, 647-653 R11 Id597, 787-793 R11 Id597, 927-933 R11 Id597, 1067-1073 R11 Id597, 1207-1213 R11 Id597, 1347-1353 R11 Id597]
[98-106 R11 Id598, 238-246 R11 Id598, 378-386 R11 Id598, 518-526 R11 Id598, 658-666 R11 Id598, 798-806 R11 Id598, 938-946 R11 Id598, 1078-1086 R11 Id598, 1218-1226 R11 Id598, 1358-1366 R11 Id598]
[113-120 R11 Id599, 253-260 R11 Id599, 393-400 R11 Id599, 533-540 R11 Id599, 673-680 R11 Id599, 813-820 R11 Id599, 953-960 R11 Id599, 1093-1100 R11 Id599, 1233-1240 R11 Id599, 1373-1380 R11 Id599]
[7-11 R2 Id500, 147-151 R2 Id500, 287-291 R2 Id500, 427-431 R2 Id500, 567-571 R2 Id500, 707-711 R2 Id500, 847-851 R2 Id500, 987-991 R2 Id500, 1127-1131 R2 Id500, 1267-1271 R2 Id500]
[20-29 R2 Id501, 160-169 R2 Id501, 300-309 R2 Id501, 440-449 R2 Id501, 580-589 R2 Id501, 720-729 R2 Id501, 860-869 R2 Id501, 1000-1009 R2 Id501, 1140-1149 R2 Id501, 1280-1289 R2 Id501]
[34-41 R2 Id502, 174-181 R2 Id502, 314-321 R2 Id502, 454-461 R2 Id502, 594-601 R2 Id502, 734-741 R2 Id502, 874-881 R2 Id502, 1014-1021 R2 Id502, 1154-1161 R2 Id502, 1294-1301 R2 Id502]
[51-54 R2 Id503, 191-194 R2 Id503, 331-334 R2 Id503, 471-474 R2 Id503, 611-614 R2 Id503, 751-754 R2 Id503, 891-894 R2 Id503, 1031-1034 R2 Id503, 1171-1174 R2 Id503, 1311-1314 R2 Id503]
[62-69 R2 Id504, 202-209 R2 Id504, 342-349 R2 Id504, 482-489 R2 Id504, 622-629 R2 Id504, 762-769 R2 Id504, 902-909 R2 Id504, 1042-1049 R2 Id504, 1182-1189 R2 Id504, 1322-1329 R2 Id504]
[70-77 R2 Id505, 210-217 R2 Id505, 350-357 R2 Id505, 490-497 R2 Id505, 630-637 R2 Id505, 770-777 R2 Id505, 910-917 R2 Id505, 1050-1057 R2 Id505, 1190-1197 R2 Id505, 1330-1337 R2 Id505]
[80-89 R2 Id506, 220-229 R2 Id506, 360-369 R2 Id506, 500-509 R2 Id506, 640-649 R2 Id506, 780-789 R2 Id506, 920-929 R2 Id506, 1060-1069 R2 Id506, 1200-1209 R2 Id506, 1340-1349 R2 Id506]
[95-98 R2 Id507, 235-238 R2 Id507, 375-378 R2 Id507, 515-518 R2 Id507, 655-658 R2 Id507, 795-798 R2 Id507, 935-938 R2 Id507, 1075-1078 R2 Id507, 1215-1218 R2 Id507, 1355-1358 R2 Id507]
[107-115 R2 Id508, 247-255 R2 Id508, 387-395 R2 Id508, 527-535 R2 Id508, 667-675 R2 Id508, 807-815 R2 Id508, 947-955 R2 Id508, 1087-1095 R2 Id508, 1227-1235 R2 Id508, 1367-1375 R2 Id508]
[125-136 R2 Id509, 265-276 R2 Id509, 405-416 R2 Id509, 545-556 R2 Id509, 685-696 R2 Id509, 825-836 R2 Id509, 965-976 R2 Id509, 1105-1116 R2 Id509, 1245-1256 R2 Id509, 1385-1396 R2 Id509]
[7-9 R3 Id510, 147-149 R3 Id510, 287-289 R3 Id510, 427-429 R3 Id510, 567-569 R3 Id510, 707-709 R3 Id510, 847-849 R3 Id510, 987-989 R3 Id510, 1127-1129 R3 Id510, 1267-1269 R3 Id510]
[16-18 R3 Id511, 156-158 R3 Id511, 296-298 R3 Id511, 436-438 R3 Id511, 576-578 R3 Id511, 716-718 R3 Id511, 856-858 R3 Id511, 996-998 R3 Id511, 1136-1138 R3 Id511, 1276-1278 R3 Id511]
ssssssssss
2[7-11 R2 Id500, 20-29 R2 Id501, 34-41 R2 Id502, 51-54 R2 Id503, 62-69 R2 Id504, 70-77 R2 Id505, 80-89 R2 Id506, 95-98 R2 Id507, 107-115 R2 Id508, 125-136 R2 Id509, 147-151 R2 Id500, 160-169 R2 Id501, 174-181 R2 Id502, 191-194 R2 Id503, 202-209 R2 Id504, 210-217 R2 Id505, 220-229 R2 Id506, 235-238 R2 Id507, 247-255 R2 Id508, 265-276 R2 Id509, 287-291 R2 Id500, 300-309 R2 Id501, 314-321 R2 Id502, 331-334 R2 Id503, 342-349 R2 Id504, 350-357 R2 Id505, 360-369 R2 Id506, 375-378 R2 Id507, 387-395 R2 Id508, 405-416 R2 Id509, 427-431 R2 Id500, 440-449 R2 Id501, 454-461 R2 Id502, 471-474 R2 Id503, 482-489 R2 Id504, 490-497 R2 Id505, 500-509 R2 Id506, 515-518 R2 Id507, 527-535 R2 Id508, 545-556 R2 Id509, 567-571 R2 Id500, 580-589 R2 Id501, 594-601 R2 Id502, 611-614 R2 Id503, 622-629 R2 Id504, 630-637 R2 Id505, 640-649 R2 Id506, 655-658 R2 Id507, 667-675 R2 Id508, 685-696 R2 Id509, 707-711 R2 Id500, 720-729 R2 Id501, 734-741 R2 Id502, 751-754 R2 Id503, 762-769 R2 Id504, 770-777 R2 Id505, 780-789 R2 Id506, 795-798 R2 Id507, 807-815 R2 Id508, 825-836 R2 Id509, 847-851 R2 Id500, 860-869 R2 Id501, 874-881 R2 Id502, 891-894 R2 Id503, 902-909 R2 Id504, 910-917 R2 Id505, 920-929 R2 Id506, 935-938 R2 Id507, 947-955 R2 Id508, 965-976 R2 Id509, 987-991 R2 Id500, 1000-1009 R2 Id501, 1014-1021 R2 Id502, 1031-1034 R2 Id503, 1042-1049 R2 Id504, 1050-1057 R2 Id505, 1060-1069 R2 Id506, 1075-1078 R2 Id507, 1087-1095 R2 Id508, 1105-1116 R2 Id509, 1127-1131 R2 Id500, 1140-1149 R2 Id501, 1154-1161 R2 Id502, 1171-1174 R2 Id503, 1182-1189 R2 Id504, 1190-1197 R2 Id505, 1200-1209 R2 Id506, 1215-1218 R2 Id507, 1227-1235 R2 Id508, 1245-1256 R2 Id509, 1267-1271 R2 Id500, 1280-1289 R2 Id501, 1294-1301 R2 Id502, 1311-1314 R2 Id503, 1322-1329 R2 Id504, 1330-1337 R2 Id505, 1340-1349 R2 Id506, 1355-1358 R2 Id507, 1367-1375 R2 Id508, 1385-1396 R2 Id509]
3[7-9 R3 Id510, 16-18 R3 Id511, 20-31 R3 Id512, 35-42 R3 Id513, 50-55 R3 Id514, 62-65 R3 Id515, 68-76 R3 Id516, 82-88 R3 Id517, 89-94 R3 Id518, 102-106 R3 Id519, 147-149 R3 Id510, 156-158 R3 Id511, 160-171 R3 Id512, 175-182 R3 Id513, 190-195 R3 Id514, 202-205 R3 Id515, 208-216 R3 Id516, 222-228 R3 Id517, 229-234 R3 Id518, 242-246 R3 Id519, 287-289 R3 Id510, 296-298 R3 Id511, 300-311 R3 Id512, 315-322 R3 Id513, 330-335 R3 Id514, 342-345 R3 Id515, 348-356 R3 Id516, 362-368 R3 Id517, 369-374 R3 Id518, 382-386 R3 Id519, 427-429 R3 Id510, 436-438 R3 Id511, 440-451 R3 Id512, 455-462 R3 Id513, 470-475 R3 Id514, 482-485 R3 Id515, 488-496 R3 Id516, 502-508 R3 Id517, 509-514 R3 Id518, 522-526 R3 Id519, 567-569 R3 Id510, 576-578 R3 Id511, 580-591 R3 Id512, 595-602 R3 Id513, 610-615 R3 Id514, 622-625 R3 Id515, 628-636 R3 Id516, 642-648 R3 Id517, 649-654 R3 Id518, 662-666 R3 Id519, 707-709 R3 Id510, 716-718 R3 Id511, 720-731 R3 Id512, 735-742 R3 Id513, 750-755 R3 Id514, 762-765 R3 Id515, 768-776 R3 Id516, 782-788 R3 Id517, 789-794 R3 Id518, 802-806 R3 Id519, 847-849 R3 Id510, 856-858 R3 Id511, 860-871 R3 Id512, 875-882 R3 Id513, 890-895 R3 Id514, 902-905 R3 Id515, 908-916 R3 Id516, 922-928 R3 Id517, 929-934 R3 Id518, 942-946 R3 Id519, 987-989 R3 Id510, 996-998 R3 Id511, 1000-1011 R3 Id512, 1015-1022 R3 Id513, 1030-1035 R3 Id514, 1042-1045 R3 Id515, 1048-1056 R3 Id516, 1062-1068 R3 Id517, 1069-1074 R3 Id518, 1082-1086 R3 Id519, 1127-1129 R3 Id510, 1136-1138 R3 Id511, 1140-1151 R3 Id512, 1155-1162 R3 Id513, 1170-1175 R3 Id514, 1182-1185 R3 Id515, 1188-1196 R3 Id516, 1202-1208 R3 Id517, 1209-1214 R3 Id518, 1222-1226 R3 Id519, 1267-1269 R3 Id510, 1276-1278 R3 Id511, 1280-1291 R3 Id512, 1295-1302 R3 Id513, 1310-1315 R3 Id514, 1322-1325 R3 Id515, 1328-1336 R3 Id516, 1342-1348 R3 Id517, 1349-1354 R3 Id518, 1362-1366 R3 Id519]
4[1-8 R4 Id520, 15-24 R4 Id521, 29-32 R4 Id522, 37-40 R4 Id523, 49-59 R4 Id524, 66-73 R4 Id525, 79-89 R4 Id526, 95-106 R4 Id527, 116-121 R4 Id528, 130-139 R4 Id529, 141-148 R4 Id520, 155-164 R4 Id521, 169-172 R4 Id522, 177-180 R4 Id523, 189-199 R4 Id524, 206-213 R4 Id525, 219-229 R4 Id526, 235-246 R4 Id527, 256-261 R4 Id528, 270-279 R4 Id529, 281-288 R4 Id520, 295-304 R4 Id521, 309-312 R4 Id522, 317-320 R4 Id523, 329-339 R4 Id524, 346-353 R4 Id525, 359-369 R4 Id526, 375-386 R4 Id527, 396-401 R4 Id528, 410-419 R4 Id529, 421-428 R4 Id520, 435-444 R4 Id521, 449-452 R4 Id522, 457-460 R4 Id523, 469-479 R4 Id524, 486-493 R4 Id525, 499-509 R4 Id526, 515-526 R4 Id527, 536-541 R4 Id528, 550-559 R4 Id529, 561-568 R4 Id520, 575-584 R4 Id521, 589-592 R4 Id522, 597-600 R4 Id523, 609-619 R4 Id524, 626-633 R4 Id525, 639-649 R4 Id526, 655-666 R4 Id527, 676-681 R4 Id528, 690-699 R4 Id529, 701-708 R4 Id520, 715-724 R4 Id521, 729-732 R4 Id522, 737-740 R4 Id523, 749-759 R4 Id524, 766-773 R4 Id525, 779-789 R4 Id526, 795-806 R4 Id527, 816-821 R4 Id528, 830-839 R4 Id529, 841-848 R4 Id520, 855-864 R4 Id521, 869-872 R4 Id522, 877-880 R4 Id523, 889-899 R4 Id524, 906-913 R4 Id525, 919-929 R4 Id526, 935-946 R4 Id527, 956-961 R4 Id528, 970-979 R4 Id529, 981-988 R4 Id520, 995-1004 R4 Id521, 1009-1012 R4 Id522, 1017-1020 R4 Id523, 1029-1039 R4 Id524, 1046-1053 R4 Id525, 1059-1069 R4 Id526, 1075-1086 R4 Id527, 1096-1101 R4 Id528, 1110-1119 R4 Id529, 1121-1128 R4 Id520, 1135-1144 R4 Id521, 1149-1152 R4 Id522, 1157-1160 R4 Id523, 1169-1179 R4 Id524, 1186-1193 R4 Id525, 1199-1209 R4 Id526, 1215-1226 R4 Id527, 1236-1241 R4 Id528, 1250-1259 R4 Id529, 1261-1268 R4 Id520, 1275-1284 R4 Id521, 1289-1292 R4 Id522, 1297-1300 R4 Id523, 1309-1319 R4 Id524, 1326-1333 R4 Id525, 1339-1349 R4 Id526, 1355-1366 R4 Id527, 1376-1381 R4 Id528, 1390-1399 R4 Id529]
5[6-10 R5 Id530, 17-24 R5 Id531, 30-35 R5 Id532, 40-44 R5 Id533, 50-54 R5 Id534, 57-67 R5 Id535, 77-83 R5 Id536, 85-92 R5 Id537, 97-103 R5 Id538, 105-111 R5 Id539, 146-150 R5 Id530, 157-164 R5 Id531, 170-175 R5 Id532, 180-184 R5 Id533, 190-194 R5 Id534, 197-207 R5 Id535, 217-223 R5 Id536, 225-232 R5 Id537, 237-243 R5 Id538, 245-251 R5 Id539, 286-290 R5 Id530, 297-304 R5 Id531, 310-315 R5 Id532, 320-324 R5 Id533, 330-334 R5 Id534, 337-347 R5 Id535, 357-363 R5 Id536, 365-372 R5 Id537, 377-383 R5 Id538, 385-391 R5 Id539, 426-430 R5 Id530, 437-444 R5 Id531, 450-455 R5 Id532, 460-464 R5 Id533, 470-474 R5 Id534, 477-487 R5 Id535, 497-503 R5 Id536, 505-512 R5 Id537, 517-523 R5 Id538, 525-531 R5 Id539, 566-570 R5 Id530, 577-584 R5 Id531, 590-595 R5 Id532, 600-604 R5 Id533, 610-614 R5 Id534, 617-627 R5 Id535, 637-643 R5 Id536, 645-652 R5 Id537, 657-663 R5 Id538, 665-671 R5 Id539, 706-710 R5 Id530, 717-724 R5 Id531, 730-735 R5 Id532, 740-744 R5 Id533, 750-754 R5 Id534, 757-767 R5 Id535, 777-783 R5 Id536, 785-792 R5 Id537, 797-803 R5 Id538, 805-811 R5 Id539, 846-850 R5 Id530, 857-864 R5 Id531, 870-875 R5 Id532, 880-884 R5 Id533, 890-894 R5 Id534, 897-907 R5 Id535, 917-923 R5 Id536, 925-932 R5 Id537, 937-943 R5 Id538, 945-951 R5 Id539, 986-990 R5 Id530, 997-1004 R5 Id531, 1010-1015 R5 Id532, 1020-1024 R5 Id533, 1030-1034 R5 Id534, 1037-1047 R5 Id535, 1057-1063 R5 Id536, 1065-1072 R5 Id537, 1077-1083 R5 Id538, 1085-1091 R5 Id539, 1126-1130 R5 Id530, 1137-1144 R5 Id531, 1150-1155 R5 Id532, 1160-1164 R5 Id533, 1170-1174 R5 Id534, 1177-1187 R5 Id535, 1197-1203 R5 Id536, 1205-1212 R5 Id537, 1217-1223 R5 Id538, 1225-1231 R5 Id539, 1266-1270 R5 Id530, 1277-1284 R5 Id531, 1290-1295 R5 Id532, 1300-1304 R5 Id533, 1310-1314 R5 Id534, 1317-1327 R5 Id535, 1337-1343 R5 Id536, 1345-1352 R5 Id537, 1357-1363 R5 Id538, 1365-1371 R5 Id539]
6[9-11 R6 Id540, 18-20 R6 Id541, 26-35 R6 Id542, 39-49 R6 Id543, 55-58 R6 Id544, 65-74 R6 Id545, 78-83 R6 Id546, 85-92 R6 Id547, 97-102 R6 Id548, 108-118 R6 Id549, 149-151 R6 Id540, 158-160 R6 Id541, 166-175 R6 Id542, 179-189 R6 Id543, 195-198 R6 Id544, 205-214 R6 Id545, 218-223 R6 Id546, 225-232 R6 Id547, 237-242 R6 Id548, 248-258 R6 Id549, 289-291 R6 Id540, 298-300 R6 Id541, 306-315 R6 Id542, 319-329 R6 Id543, 335-338 R6 Id544, 345-354 R6 Id545, 358-363 R6 Id546, 365-372 R6 Id547, 377-382 R6 Id548, 388-398 R6 Id549, 429-431 R6 Id540, 438-440 R6 Id541, 446-455 R6 Id542, 459-469 R6 Id543, 475-478 R6 Id544, 485-494 R6 Id545, 498-503 R6 Id546, 505-512 R6 Id547, 517-522 R6 Id548, 528-538 R6 Id549, 569-571 R6 Id540, 578-580 R6 Id541, 586-595 R6 Id542, 599-609 R6 Id543, 615-618 R6 Id544, 625-634 R6 Id545, 638-643 R6 Id546, 645-652 R6 Id547, 657-662 R6 Id548, 668-678 R6 Id549, 709-711 R6 Id540, 718-720 R6 Id541, 726-735 R6 Id542, 739-749 R6 Id543, 755-758 R6 Id544, 765-774 R6 Id545, 778-783 R6 Id546, 785-792 R6 Id547, 797-802 R6 Id548, 808-818 R6 Id549, 849-851 R6 Id540, 858-860 R6 Id541, 866-875 R6 Id542, 879-889 R6 Id543, 895-898 R6 Id544, 905-914 R6 Id545, 918-923 R6 Id546, 925-932 R6 Id547, 937-942 R6 Id548, 948-958 R6 Id549, 989-991 R6 Id540, 998-1000 R6 Id541, 1006-1015 R6 Id542, 1019-1029 R6 Id543, 1035-1038 R6 Id544, 1045-1054 R6 Id545, 1058-1063 R6 Id546, 1065-1072 R6 Id547, 1077-1082 R6 Id548, 1088-1098 R6 Id549, 1129-1131 R6 Id540, 1138-1140 R6 Id541, 1146-1155 R6 Id542, 1159-1169 R6 Id543, 1175-1178 R6 Id544, 1185-1194 R6 Id545, 1198-1203 R6 Id546, 1205-1212 R6 Id547, 1217-1222 R6 Id548, 1228-1238 R6 Id549, 1269-1271 R6 Id540, 1278-1280 R6 Id541, 1286-1295 R6 Id542, 1299-1309 R6 Id543, 1315-1318 R6 Id544, 1325-1334 R6 Id545, 1338-1343 R6 Id546, 1345-1352 R6 Id547, 1357-1362 R6 Id548, 1368-1378 R6 Id549]
7[9-12 R7 Id550, 20-27 R7 Id551, 34-40 R7 Id552, 49-54 R7 Id553, 62-68 R7 Id554, 75-85 R7 Id555, 87-90 R7 Id556, 92-94 R7 Id557, 100-111 R7 Id558, 118-129 R7 Id559, 149-152 R7 Id550, 160-167 R7 Id551, 174-180 R7 Id552, 189-194 R7 Id553, 202-208 R7 Id554, 215-225 R7 Id555, 227-230 R7 Id556, 232-234 R7 Id557, 240-251 R7 Id558, 258-269 R7 Id559, 289-292 R7 Id550, 300-307 R7 Id551, 314-320 R7 Id552, 329-334 R7 Id553, 342-348 R7 Id554, 355-365 R7 Id555, 367-370 R7 Id556, 372-374 R7 Id557, 380-391 R7 Id558, 398-409 R7 Id559, 429-432 R7 Id550, 440-447 R7 Id551, 454-460 R7 Id552, 469-474 R7 Id553, 482-488 R7 Id554, 495-505 R7 Id555, 507-510 R7 Id556, 512-514 R7 Id557, 520-531 R7 Id558, 538-549 R7 Id559, 569-572 R7 Id550, 580-587 R7 Id551, 594-600 R7 Id552, 609-614 R7 Id553, 622-628 R7 Id554, 635-645 R7 Id555, 647-650 R7 Id556, 652-654 R7 Id557, 660-671 R7 Id558, 678-689 R7 Id559, 709-712 R7 Id550, 720-727 R7 Id551, 734-740 R7 Id552, 749-754 R7 Id553, 762-768 R7 Id554, 775-785 R7 Id555, 787-790 R7 Id556, 792-794 R7 Id557, 800-811 R7 Id558, 818-829 R7 Id559, 849-852 R7 Id550, 860-867 R7 Id551, 874-880 R7 Id552, 889-894 R7 Id553, 902-908 R7 Id554, 915-925 R7 Id555, 927-930 R7 Id556, 932-934 R7 Id557, 940-951 R7 Id558, 958-969 R7 Id559, 989-992 R7 Id550, 1000-1007 R7 Id551, 1014-1020 R7 Id552, 1029-1034 R7 Id553, 1042-1048 R7 Id554, 1055-1065 R7 Id555, 1067-1070 R7 Id556, 1072-1074 R7 Id557, 1080-1091 R7 Id558, 1098-1109 R7 Id559, 1129-1132 R7 Id550, 1140-1147 R7 Id551, 1154-1160 R7 Id552, 1169-1174 R7 Id553, 1182-1188 R7 Id554, 1195-1205 R7 Id555, 1207-1210 R7 Id556, 1212-1214 R7 Id557, 1220-1231 R7 Id558, 1238-1249 R7 Id559, 1269-1272 R7 Id550, 1280-1287 R7 Id551, 1294-1300 R7 Id552, 1309-1314 R7 Id553, 1322-1328 R7 Id554, 1335-1345 R7 Id555, 1347-1350 R7 Id556, 1352-1354 R7 Id557, 1360-1371 R7 Id558, 1378-1389 R7 Id559]
8[8-15 R8 Id560, 19-30 R8 Id561, 37-47 R8 Id562, 51-58 R8 Id563, 59-65 R8 Id564, 70-76 R8 Id565, 79-82 R8 Id566, 86-92 R8 Id567, 101-103 R8 Id568, 105-110 R8 Id569, 148-155 R8 Id560, 159-170 R8 Id561, 177-187 R8 Id562, 191-198 R8 Id563, 199-205 R8 Id564, 210-216 R8 Id565, 219-222 R8 Id566, 226-232 R8 Id567, 241-243 R8 Id568, 245-250 R8 Id569, 288-295 R8 Id560, 299-310 R8 Id561, 317-327 R8 Id562, 331-338 R8 Id563, 339-345 R8 Id564, 350-356 R8 Id565, 359-362 R8 Id566, 366-372 R8 Id567, 381-383 R8 Id568, 385-390 R8 Id569, 428-435 R8 Id560, 439-450 R8 Id561, 457-467 R8 Id562, 471-478 R8 Id563, 479-485 R8 Id564, 490-496 R8 Id565, 499-502 R8 Id566, 506-512 R8 Id567, 521-523 R8 Id568, 525-530 R8 Id569, 568-575 R8 Id560, 579-590 R8 Id561, 597-607 R8 Id562, 611-618 R8 Id563, 619-625 R8 Id564, 630-636 R8 Id565, 639-642 R8 Id566, 646-652 R8 Id567, 661-663 R8 Id568, 665-670 R8 Id569, 708-715 R8 Id560, 719-730 R8 Id561, 737-747 R8 Id562, 751-758 R8 Id563, 759-765 R8 Id564, 770-776 R8 Id565, 779-782 R8 Id566, 786-792 R8 Id567, 801-803 R8 Id568, 805-810 R8 Id569, 848-855 R8 Id560, 859-870 R8 Id561, 877-887 R8 Id562, 891-898 R8 Id563, 899-905 R8 Id564, 910-916 R8 Id565, 919-922 R8 Id566, 926-932 R8 Id567, 941-943 R8 Id568, 945-950 R8 Id569, 988-995 R8 Id560, 999-1010 R8 Id561, 1017-1027 R8 Id562, 1031-1038 R8 Id563, 1039-1045 R8 Id564, 1050-1056 R8 Id565, 1059-1062 R8 Id566, 1066-1072 R8 Id567, 1081-1083 R8 Id568, 1085-1090 R8 Id569, 1128-1135 R8 Id560, 1139-1150 R8 Id561, 1157-1167 R8 Id562, 1171-1178 R8 Id563, 1179-1185 R8 Id564, 1190-1196 R8 Id565, 1199-1202 R8 Id566, 1206-1212 R8 Id567, 1221-1223 R8 Id568, 1225-1230 R8 Id569, 1268-1275 R8 Id560, 1279-1290 R8 Id561, 1297-1307 R8 Id562, 1311-1318 R8 Id563, 1319-1325 R8 Id564, 1330-1336 R8 Id565, 1339-1342 R8 Id566, 1346-1352 R8 Id567, 1361-1363 R8 Id568, 1365-1370 R8 Id569]
9[3-5 R9 Id570, 13-16 R9 Id571, 24-31 R9 Id572, 33-37 R9 Id573, 43-50 R9 Id574, 58-62 R9 Id575, 72-76 R9 Id576, 81-91 R9 Id577, 95-98 R9 Id578, 108-114 R9 Id579, 143-145 R9 Id570, 153-156 R9 Id571, 164-171 R9 Id572, 173-177 R9 Id573, 183-190 R9 Id574, 198-202 R9 Id575, 212-216 R9 Id576, 221-231 R9 Id577, 235-238 R9 Id578, 248-254 R9 Id579, 283-285 R9 Id570, 293-296 R9 Id571, 304-311 R9 Id572, 313-317 R9 Id573, 323-330 R9 Id574, 338-342 R9 Id575, 352-356 R9 Id576, 361-371 R9 Id577, 375-378 R9 Id578, 388-394 R9 Id579, 423-425 R9 Id570, 433-436 R9 Id571, 444-451 R9 Id572, 453-457 R9 Id573, 463-470 R9 Id574, 478-482 R9 Id575, 492-496 R9 Id576, 501-511 R9 Id577, 515-518 R9 Id578, 528-534 R9 Id579, 563-565 R9 Id570, 573-576 R9 Id571, 584-591 R9 Id572, 593-597 R9 Id573, 603-610 R9 Id574, 618-622 R9 Id575, 632-636 R9 Id576, 641-651 R9 Id577, 655-658 R9 Id578, 668-674 R9 Id579, 703-705 R9 Id570, 713-716 R9 Id571, 724-731 R9 Id572, 733-737 R9 Id573, 743-750 R9 Id574, 758-762 R9 Id575, 772-776 R9 Id576, 781-791 R9 Id577, 795-798 R9 Id578, 808-814 R9 Id579, 843-845 R9 Id570, 853-856 R9 Id571, 864-871 R9 Id572, 873-877 R9 Id573, 883-890 R9 Id574, 898-902 R9 Id575, 912-916 R9 Id576, 921-931 R9 Id577, 935-938 R9 Id578, 948-954 R9 Id579, 983-985 R9 Id570, 993-996 R9 Id571, 1004-1011 R9 Id572, 1013-1017 R9 Id573, 1023-1030 R9 Id574, 1038-1042 R9 Id575, 1052-1056 R9 Id576, 1061-1071 R9 Id577, 1075-1078 R9 Id578, 1088-1094 R9 Id579, 1123-1125 R9 Id570, 1133-1136 R9 Id571, 1144-1151 R9 Id572, 1153-1157 R9 Id573, 1163-1170 R9 Id574, 1178-1182 R9 Id575, 1192-1196 R9 Id576, 1201-1211 R9 Id577, 1215-1218 R9 Id578, 1228-1234 R9 Id579, 1263-1265 R9 Id570, 1273-1276 R9 Id571, 1284-1291 R9 Id572, 1293-1297 R9 Id573, 1303-1310 R9 Id574, 1318-1322 R9 Id575, 1332-1336 R9 Id576, 1341-1351 R9 Id577, 1355-1358 R9 Id578, 1368-1374 R9 Id579]
10[2-12 R10 Id580, 22-27 R10 Id581, 29-40 R10 Id582, 45-48 R10 Id583, 58-61 R10 Id584, 66-69 R10 Id585, 78-85 R10 Id586, 86-88 R10 Id587, 89-98 R10 Id588, 99-110 R10 Id589, 142-152 R10 Id580, 162-167 R10 Id581, 169-180 R10 Id582, 185-188 R10 Id583, 198-201 R10 Id584, 206-209 R10 Id585, 218-225 R10 Id586, 226-228 R10 Id587, 229-238 R10 Id588, 239-250 R10 Id589, 282-292 R10 Id580, 302-307 R10 Id581, 309-320 R10 Id582, 325-328 R10 Id583, 338-341 R10 Id584, 346-349 R10 Id585, 358-365 R10 Id586, 366-368 R10 Id587, 369-378 R10 Id588, 379-390 R10 Id589, 422-432 R10 Id580, 442-447 R10 Id581, 449-460 R10 Id582, 465-468 R10 Id583, 478-481 R10 Id584, 486-489 R10 Id585, 498-505 R10 Id586, 506-508 R10 Id587, 509-518 R10 Id588, 519-530 R10 Id589, 562-572 R10 Id580, 582-587 R10 Id581, 589-600 R10 Id582, 605-608 R10 Id583, 618-621 R10 Id584, 626-629 R10 Id585, 638-645 R10 Id586, 646-648 R10 Id587, 649-658 R10 Id588, 659-670 R10 Id589, 702-712 R10 Id580, 722-727 R10 Id581, 729-740 R10 Id582, 745-748 R10 Id583, 758-761 R10 Id584, 766-769 R10 Id585, 778-785 R10 Id586, 786-788 R10 Id587, 789-798 R10 Id588, 799-810 R10 Id589, 842-852 R10 Id580, 862-867 R10 Id581, 869-880 R10 Id582, 885-888 R10 Id583, 898-901 R10 Id584, 906-909 R10 Id585, 918-925 R10 Id586, 926-928 R10 Id587, 929-938 R10 Id588, 939-950 R10 Id589, 982-992 R10 Id580, 1002-1007 R10 Id581, 1009-1020 R10 Id582, 1025-1028 R10 Id583, 1038-1041 R10 Id584, 1046-1049 R10 Id585, 1058-1065 R10 Id586, 1066-1068 R10 Id587, 1069-1078 R10 Id588, 1079-1090 R10 Id589, 1122-1132 R10 Id580, 1142-1147 R10 Id581, 1149-1160 R10 Id582, 1165-1168 R10 Id583, 1178-1181 R10 Id584, 1186-1189 R10 Id585, 1198-1205 R10 Id586, 1206-1208 R10 Id587, 1209-1218 R10 Id588, 1219-1230 R10 Id589, 1262-1272 R10 Id580, 1282-1287 R10 Id581, 1289-1300 R10 Id582, 1305-1308 R10 Id583, 1318-1321 R10 Id584, 1326-1329 R10 Id585, 1338-1345 R10 Id586, 1346-1348 R10 Id587, 1349-1358 R10 Id588, 1359-1370 R10 Id589]
11[8-12 R11 Id590, 14-16 R11 Id591, 20-28 R11 Id592, 37-47 R11 Id593, 52-60 R11 Id594, 61-68 R11 Id595, 76-81 R11 Id596, 87-93 R11 Id597, 98-106 R11 Id598, 113-120 R11 Id599, 148-152 R11 Id590, 154-156 R11 Id591, 160-168 R11 Id592, 177-187 R11 Id593, 192-200 R11 Id594, 201-208 R11 Id595, 216-221 R11 Id596, 227-233 R11 Id597, 238-246 R11 Id598, 253-260 R11 Id599, 288-292 R11 Id590, 294-296 R11 Id591, 300-308 R11 Id592, 317-327 R11 Id593, 332-340 R11 Id594, 341-348 R11 Id595, 356-361 R11 Id596, 367-373 R11 Id597, 378-386 R11 Id598, 393-400 R11 Id599, 428-432 R11 Id590, 434-436 R11 Id591, 440-448 R11 Id592, 457-467 R11 Id593, 472-480 R11 Id594, 481-488 R11 Id595, 496-501 R11 Id596, 507-513 R11 Id597, 518-526 R11 Id598, 533-540 R11 Id599, 568-572 R11 Id590, 574-576 R11 Id591, 580-588 R11 Id592, 597-607 R11 Id593, 612-620 R11 Id594, 621-628 R11 Id595, 636-641 R11 Id596, 647-653 R11 Id597, 658-666 R11 Id598, 673-680 R11 Id599, 708-712 R11 Id590, 714-716 R11 Id591, 720-728 R11 Id592, 737-747 R11 Id593, 752-760 R11 Id594, 761-768 R11 Id595, 776-781 R11 Id596, 787-793 R11 Id597, 798-806 R11 Id598, 813-820 R11 Id599, 848-852 R11 Id590, 854-856 R11 Id591, 860-868 R11 Id592, 877-887 R11 Id593, 892-900 R11 Id594, 901-908 R11 Id595, 916-921 R11 Id596, 927-933 R11 Id597, 938-946 R11 Id598, 953-960 R11 Id599, 988-992 R11 Id590, 994-996 R11 Id591, 1000-1008 R11 Id592, 1017-1027 R11 Id593, 1032-1040 R11 Id594, 1041-1048 R11 Id595, 1056-1061 R11 Id596, 1067-1073 R11 Id597, 1078-1086 R11 Id598, 1093-1100 R11 Id599, 1128-1132 R11 Id590, 1134-1136 R11 Id591, 1140-1148 R11 Id592, 1157-1167 R11 Id593, 1172-1180 R11 Id594, 1181-1188 R11 Id595, 1196-1201 R11 Id596, 1207-1213 R11 Id597, 1218-1226 R11 Id598, 1233-1240 R11 Id599, 1268-1272 R11 Id590, 1274-1276 R11 Id591, 1280-1288 R11 Id592, 1297-1307 R11 Id593, 1312-1320 R11 Id594, 1321-1328 R11 Id595, 1336-1341 R11 Id596, 1347-1353 R11 Id597, 1358-1366 R11 Id598, 1373-1380 R11 Id599]
РќР°РґРёСЂРЅС‹Р№ 10
Р–Р°РґРЅС‹Р№ 10
РЎРѕР·РґР°РЅРёРµ РѕР±СЊРµРєС‚РѕРІ Р·Р°РІРµСЂС€РµРЅРѕ
РЁРђР“ 147
10 РљРѕР»РёС‡РµСЃС‚РІРѕ РїСЂРѕС…РѕРґРѕРІ Р¶Р°РґРЅС‹Рј Р°Р»РіРѕСЂРёС‚РјРѕРј
Р Р°Р·РјРµСЂ РѕСЃС‚Р°С‚РєР° 0
РћСЃС‚Р°С‚РѕРє {}
residuePoints[]
Р§РёСЃР»Рѕ РЅРµРЅСѓР»РµРІС‹С… РїСЂРѕС…РѕРґРѕРІ (РІ РєРѕС‚РѕСЂС‹С… Р±С‹Р» СЂРµР·СѓР»СЊС‚Р°С‚) 10
Р РµР·СѓР»СЊС‚Р°С‚ 100 - С‡РёСЃР»Рѕ РѕР±СЊРµРєС‚РѕРІ
РћР±С‰РµРµ РІСЂРµРјСЏ 0 СЃРµРєСѓРЅРґ

5.076666666666667
5.001862
62 РњР°РіР°Р±Р°Р№С‚
62 РњР°РіР°Р±Р°Р№С‚
]]></system-out>
  <system-err><![CDATA[]]></system-err>
</testsuite>
