<?xml version="1.0" encoding="UTF-8"?>
<testsuite name="math.SieveTest" tests="2" skipped="0" failures="0" errors="0" timestamp="2019-11-11T07:27:05" hostname="DESKTOP-HSKT15E" time="0.027">
  <properties/>
  <testcase name="sieveWithMask" classname="math.SieveTest" time="0.012"/>
  <testcase name="sieve" classname="math.SieveTest" time="0.015"/>
  <system-out><![CDATA[РЎРѕР·РґР°РЅРёРµ РѕР±СЊРµРєС‚РѕРІ Р·Р°РІРµСЂС€РµРЅРѕ
РўРѕС‡РєРё СЃР±СЂРѕСЃР° [145, 290, 435, 580, 725, 870, 1015, 1160, 1305, 1450]
РљРѕР»РёС‡РµСЃС‚РІРѕ РѕР±СЊРµРєС‚РѕРІ 100
РљРѕР»РёС‡РµСЃС‚РІРѕ РёРЅС‚РµСЂРІР°Р»РѕРІ 1000
РќР°С‡Р°Р»Рѕ Рё РєРѕРЅРµС† РјР°РєСЃРёРјР°Р»СЊРЅС‹Р№ РєСЂРµРЅ 0::9
РќР°С‡Р°Р»Рѕ Рё РєРѕРЅРµС† РјР°РєСЃРёРјР°Р»СЊРЅР°СЏ РґР»РёРЅР° 1::1449
8 РљРѕР»РёС‡РµСЃС‚РІРѕ РїСЂРѕС…РѕРґРѕРІ Р¶Р°РґРЅС‹Рј Р°Р»РіРѕСЂРёС‚РјРѕРј
Р Р°Р·РјРµСЂ РѕСЃС‚Р°С‚РєР° 0
РћСЃС‚Р°С‚РѕРє {}
Р§РёСЃР»Рѕ РЅРµРЅСѓР»РµРІС‹С… РїСЂРѕС…РѕРґРѕРІ (РІ РєРѕС‚РѕСЂС‹С… Р±С‹Р» СЂРµР·СѓР»СЊС‚Р°С‚) 8
Р РµР·СѓР»СЊС‚Р°С‚ 100 - С‡РёСЃР»Рѕ РѕР±СЊРµРєС‚РѕРІ
РћР±С‰РµРµ РІСЂРµРјСЏ 0 СЃРµРєСѓРЅРґ

РЎРѕР·РґР°РЅРёРµ РѕР±СЊРµРєС‚РѕРІ Р·Р°РІРµСЂС€РµРЅРѕ
РўРѕС‡РєРё СЃР±СЂРѕСЃР° [144, 288, 432, 576, 720, 864, 1008, 1152, 1296, 1440, 1584]
РљРѕР»РёС‡РµСЃС‚РІРѕ РѕР±СЊРµРєС‚РѕРІ 100
РљРѕР»РёС‡РµСЃС‚РІРѕ РёРЅС‚РµСЂРІР°Р»РѕРІ 1000
РќР°С‡Р°Р»Рѕ Рё РєРѕРЅРµС† РјР°РєСЃРёРјР°Р»СЊРЅС‹Р№ РєСЂРµРЅ 3::11
РќР°С‡Р°Р»Рѕ Рё РєРѕРЅРµС† РјР°РєСЃРёРјР°Р»СЊРЅР°СЏ РґР»РёРЅР° 1::1439
9 РљРѕР»РёС‡РµСЃС‚РІРѕ РїСЂРѕС…РѕРґРѕРІ Р¶Р°РґРЅС‹Рј Р°Р»РіРѕСЂРёС‚РјРѕРј
Р Р°Р·РјРµСЂ РѕСЃС‚Р°С‚РєР° 0
Р§РёСЃР»Рѕ РЅРµРЅСѓР»РµРІС‹С… РїСЂРѕС…РѕРґРѕРІ (РІ РєРѕС‚РѕСЂС‹С… Р±С‹Р» СЂРµР·СѓР»СЊС‚Р°С‚) 9
Р РµР·СѓР»СЊС‚Р°С‚ 100 - С‡РёСЃР»Рѕ РѕР±СЊРµРєС‚РѕРІ
РћР±С‰РµРµ РІСЂРµРјСЏ 4 РјРёР»Р»РёСЃРµРєСѓРЅРґ

]]></system-out>
  <system-err><![CDATA[]]></system-err>
</testsuite>
