<?xml version="1.0" encoding="UTF-8"?>
<testsuite name="math.SimulationTest" tests="3" skipped="0" failures="1" errors="0" timestamp="2019-11-11T07:27:05" hostname="DESKTOP-HSKT15E" time="0.034">
  <properties/>
  <testcase name="genSameArrays" classname="math.SimulationTest" time="0.017"/>
  <testcase name="generateMatrixForTest" classname="math.SimulationTest" time="0.0">
    <failure message="java.lang.AssertionError: expected:&lt;300&gt; but was:&lt;301&gt;" type="java.lang.AssertionError">java.lang.AssertionError: expected:&lt;300&gt; but was:&lt;301&gt;
	at org.junit.Assert.fail(Assert.java:88)
	at org.junit.Assert.failNotEquals(Assert.java:834)
	at org.junit.Assert.assertEquals(Assert.java:645)
	at org.junit.Assert.assertEquals(Assert.java:631)
	at math.SimulationTest.generateMatrixForTest(SimulationTest.java:70)
	at sun.reflect.NativeMethodAccessorImpl.invoke0(Native Method)
	at sun.reflect.NativeMethodAccessorImpl.invoke(NativeMethodAccessorImpl.java:62)
	at sun.reflect.DelegatingMethodAccessorImpl.invoke(DelegatingMethodAccessorImpl.java:43)
	at java.lang.reflect.Method.invoke(Method.java:498)
	at org.junit.runners.model.FrameworkMethod$1.runReflectiveCall(FrameworkMethod.java:50)
	at org.junit.internal.runners.model.ReflectiveCallable.run(ReflectiveCallable.java:12)
	at org.junit.runners.model.FrameworkMethod.invokeExplosively(FrameworkMethod.java:47)
	at org.junit.internal.runners.statements.InvokeMethod.evaluate(InvokeMethod.java:17)
	at org.junit.runners.ParentRunner.runLeaf(ParentRunner.java:325)
	at org.junit.runners.BlockJUnit4ClassRunner.runChild(BlockJUnit4ClassRunner.java:78)
	at org.junit.runners.BlockJUnit4ClassRunner.runChild(BlockJUnit4ClassRunner.java:57)
	at org.junit.runners.ParentRunner$3.run(ParentRunner.java:290)
	at org.junit.runners.ParentRunner$1.schedule(ParentRunner.java:71)
	at org.junit.runners.ParentRunner.runChildren(ParentRunner.java:288)
	at org.junit.runners.ParentRunner.access$000(ParentRunner.java:58)
	at org.junit.runners.ParentRunner$2.evaluate(ParentRunner.java:268)
	at org.junit.runners.ParentRunner.run(ParentRunner.java:363)
	at org.gradle.api.internal.tasks.testing.junit.JUnitTestClassExecutor.runTestClass(JUnitTestClassExecutor.java:110)
	at org.gradle.api.internal.tasks.testing.junit.JUnitTestClassExecutor.execute(JUnitTestClassExecutor.java:58)
	at org.gradle.api.internal.tasks.testing.junit.JUnitTestClassExecutor.execute(JUnitTestClassExecutor.java:38)
	at org.gradle.api.internal.tasks.testing.junit.AbstractJUnitTestClassProcessor.processTestClass(AbstractJUnitTestClassProcessor.java:62)
	at org.gradle.api.internal.tasks.testing.SuiteTestClassProcessor.processTestClass(SuiteTestClassProcessor.java:51)
	at sun.reflect.NativeMethodAccessorImpl.invoke0(Native Method)
	at sun.reflect.NativeMethodAccessorImpl.invoke(NativeMethodAccessorImpl.java:62)
	at sun.reflect.DelegatingMethodAccessorImpl.invoke(DelegatingMethodAccessorImpl.java:43)
	at java.lang.reflect.Method.invoke(Method.java:498)
	at org.gradle.internal.dispatch.ReflectionDispatch.dispatch(ReflectionDispatch.java:35)
	at org.gradle.internal.dispatch.ReflectionDispatch.dispatch(ReflectionDispatch.java:24)
	at org.gradle.internal.dispatch.ContextClassLoaderDispatch.dispatch(ContextClassLoaderDispatch.java:32)
	at org.gradle.internal.dispatch.ProxyDispatchAdapter$DispatchingInvocationHandler.invoke(ProxyDispatchAdapter.java:93)
	at com.sun.proxy.$Proxy2.processTestClass(Unknown Source)
	at org.gradle.api.internal.tasks.testing.worker.TestWorker.processTestClass(TestWorker.java:118)
	at sun.reflect.NativeMethodAccessorImpl.invoke0(Native Method)
	at sun.reflect.NativeMethodAccessorImpl.invoke(NativeMethodAccessorImpl.java:62)
	at sun.reflect.DelegatingMethodAccessorImpl.invoke(DelegatingMethodAccessorImpl.java:43)
	at java.lang.reflect.Method.invoke(Method.java:498)
	at org.gradle.internal.dispatch.ReflectionDispatch.dispatch(ReflectionDispatch.java:35)
	at org.gradle.internal.dispatch.ReflectionDispatch.dispatch(ReflectionDispatch.java:24)
	at org.gradle.internal.remote.internal.hub.MessageHubBackedObjectConnection$DispatchWrapper.dispatch(MessageHubBackedObjectConnection.java:175)
	at org.gradle.internal.remote.internal.hub.MessageHubBackedObjectConnection$DispatchWrapper.dispatch(MessageHubBackedObjectConnection.java:157)
	at org.gradle.internal.remote.internal.hub.MessageHub$Handler.run(MessageHub.java:404)
	at org.gradle.internal.concurrent.ExecutorPolicy$CatchAndRecordFailures.onExecute(ExecutorPolicy.java:63)
	at org.gradle.internal.concurrent.ManagedExecutorImpl$1.run(ManagedExecutorImpl.java:46)
	at java.util.concurrent.ThreadPoolExecutor.runWorker(ThreadPoolExecutor.java:1149)
	at java.util.concurrent.ThreadPoolExecutor$Worker.run(ThreadPoolExecutor.java:624)
	at org.gradle.internal.concurrent.ThreadFactoryImpl$ManagedThreadRunnable.run(ThreadFactoryImpl.java:55)
	at java.lang.Thread.run(Thread.java:748)
</failure>
  </testcase>
  <testcase name="genSimulationForTest" classname="math.SimulationTest" time="0.016"/>
  <system-out><![CDATA[144
2[2-9 R2 Id200, 11-22 R2 Id201, 30-38 R2 Id202, 48-55 R2 Id203, 62-69 R2 Id204, 78-81 R2 Id205, 89-95 R2 Id206, 101-107 R2 Id207, 112-115 R2 Id208, 118-122 R2 Id209]
1[1-4 R1 Id210, 10-15 R1 Id211, 20-27 R1 Id212, 34-45 R1 Id213, 55-59 R1 Id214, 65-67 R1 Id215, 69-76 R1 Id216, 83-89 R1 Id217, 93-100 R1 Id218, 107-110 R1 Id219]
0[8-16 R0 Id220, 23-34 R0 Id221, 35-45 R0 Id222, 53-57 R0 Id223, 59-69 R0 Id224, 74-77 R0 Id225, 80-83 R0 Id226, 91-101 R0 Id227, 106-110 R0 Id228, 113-123 R0 Id229]
-1[9-19 R-1 Id230, 20-22 R-1 Id231, 31-34 R-1 Id232, 37-48 R-1 Id233, 50-56 R-1 Id234, 57-63 R-1 Id235, 66-70 R-1 Id236, 74-78 R-1 Id237, 81-91 R-1 Id238, 99-104 R-1 Id239]
0[9-11 R0 Id240, 18-27 R0 Id241, 34-41 R0 Id242, 47-56 R0 Id243, 62-69 R0 Id244, 72-79 R0 Id245, 84-88 R0 Id246, 92-95 R0 Id247, 99-110 R0 Id248, 120-125 R0 Id249]
1[7-15 R1 Id250, 25-35 R1 Id251, 41-45 R1 Id252, 48-59 R1 Id253, 64-73 R1 Id254, 77-83 R1 Id255, 92-103 R1 Id256, 105-110 R1 Id257, 118-120 R1 Id258, 126-128 R1 Id259]
2[5-16 R2 Id260, 24-31 R2 Id261, 33-42 R2 Id262, 47-51 R2 Id263, 55-62 R2 Id264, 68-75 R2 Id265, 84-89 R2 Id266, 92-96 R2 Id267, 103-111 R2 Id268, 112-115 R2 Id269]
3[10-15 R3 Id270, 18-23 R3 Id271, 31-37 R3 Id272, 38-44 R3 Id273, 49-54 R3 Id274, 63-69 R3 Id275, 73-83 R3 Id276, 91-99 R3 Id277, 107-118 R3 Id278, 121-130 R3 Id279]
4[2-13 R4 Id280, 19-27 R4 Id281, 34-45 R4 Id282, 52-58 R4 Id283, 64-74 R4 Id284, 76-82 R4 Id285, 91-96 R4 Id286, 106-112 R4 Id287, 122-132 R4 Id288, 135-145 R4 Id289]
5[2-8 R5 Id290, 10-17 R5 Id291, 18-25 R5 Id292, 34-40 R5 Id293, 44-49 R5 Id294, 57-68 R5 Id295, 75-79 R5 Id296, 88-96 R5 Id297, 98-106 R5 Id298, 107-112 R5 Id299]

2[146-153 R2 Id200, 155-166 R2 Id201, 174-182 R2 Id202, 192-199 R2 Id203, 206-213 R2 Id204, 222-225 R2 Id205, 233-239 R2 Id206, 245-251 R2 Id207, 256-259 R2 Id208, 262-266 R2 Id209]
1[145-148 R1 Id210, 154-159 R1 Id211, 164-171 R1 Id212, 178-189 R1 Id213, 199-203 R1 Id214, 209-211 R1 Id215, 213-220 R1 Id216, 227-233 R1 Id217, 237-244 R1 Id218, 251-254 R1 Id219]
0[152-160 R0 Id220, 167-178 R0 Id221, 179-189 R0 Id222, 197-201 R0 Id223, 203-213 R0 Id224, 218-221 R0 Id225, 224-227 R0 Id226, 235-245 R0 Id227, 250-254 R0 Id228, 257-267 R0 Id229]
-1[153-163 R-1 Id230, 164-166 R-1 Id231, 175-178 R-1 Id232, 181-192 R-1 Id233, 194-200 R-1 Id234, 201-207 R-1 Id235, 210-214 R-1 Id236, 218-222 R-1 Id237, 225-235 R-1 Id238, 243-248 R-1 Id239]
0[153-155 R0 Id240, 162-171 R0 Id241, 178-185 R0 Id242, 191-200 R0 Id243, 206-213 R0 Id244, 216-223 R0 Id245, 228-232 R0 Id246, 236-239 R0 Id247, 243-254 R0 Id248, 264-269 R0 Id249]
1[151-159 R1 Id250, 169-179 R1 Id251, 185-189 R1 Id252, 192-203 R1 Id253, 208-217 R1 Id254, 221-227 R1 Id255, 236-247 R1 Id256, 249-254 R1 Id257, 262-264 R1 Id258, 270-272 R1 Id259]
2[149-160 R2 Id260, 168-175 R2 Id261, 177-186 R2 Id262, 191-195 R2 Id263, 199-206 R2 Id264, 212-219 R2 Id265, 228-233 R2 Id266, 236-240 R2 Id267, 247-255 R2 Id268, 256-259 R2 Id269]
3[154-159 R3 Id270, 162-167 R3 Id271, 175-181 R3 Id272, 182-188 R3 Id273, 193-198 R3 Id274, 207-213 R3 Id275, 217-227 R3 Id276, 235-243 R3 Id277, 251-262 R3 Id278, 265-274 R3 Id279]
4[146-157 R4 Id280, 163-171 R4 Id281, 178-189 R4 Id282, 196-202 R4 Id283, 208-218 R4 Id284, 220-226 R4 Id285, 235-240 R4 Id286, 250-256 R4 Id287, 266-276 R4 Id288, 279-289 R4 Id289]
5[146-152 R5 Id290, 154-161 R5 Id291, 162-169 R5 Id292, 178-184 R5 Id293, 188-193 R5 Id294, 201-212 R5 Id295, 219-223 R5 Id296, 232-240 R5 Id297, 242-250 R5 Id298, 251-256 R5 Id299]

2[290-297 R2 Id200, 299-310 R2 Id201, 318-326 R2 Id202, 336-343 R2 Id203, 350-357 R2 Id204, 366-369 R2 Id205, 377-383 R2 Id206, 389-395 R2 Id207, 400-403 R2 Id208, 406-410 R2 Id209]
1[289-292 R1 Id210, 298-303 R1 Id211, 308-315 R1 Id212, 322-333 R1 Id213, 343-347 R1 Id214, 353-355 R1 Id215, 357-364 R1 Id216, 371-377 R1 Id217, 381-388 R1 Id218, 395-398 R1 Id219]
0[296-304 R0 Id220, 311-322 R0 Id221, 323-333 R0 Id222, 341-345 R0 Id223, 347-357 R0 Id224, 362-365 R0 Id225, 368-371 R0 Id226, 379-389 R0 Id227, 394-398 R0 Id228, 401-411 R0 Id229]
-1[297-307 R-1 Id230, 308-310 R-1 Id231, 319-322 R-1 Id232, 325-336 R-1 Id233, 338-344 R-1 Id234, 345-351 R-1 Id235, 354-358 R-1 Id236, 362-366 R-1 Id237, 369-379 R-1 Id238, 387-392 R-1 Id239]
0[297-299 R0 Id240, 306-315 R0 Id241, 322-329 R0 Id242, 335-344 R0 Id243, 350-357 R0 Id244, 360-367 R0 Id245, 372-376 R0 Id246, 380-383 R0 Id247, 387-398 R0 Id248, 408-413 R0 Id249]
1[295-303 R1 Id250, 313-323 R1 Id251, 329-333 R1 Id252, 336-347 R1 Id253, 352-361 R1 Id254, 365-371 R1 Id255, 380-391 R1 Id256, 393-398 R1 Id257, 406-408 R1 Id258, 414-416 R1 Id259]
2[293-304 R2 Id260, 312-319 R2 Id261, 321-330 R2 Id262, 335-339 R2 Id263, 343-350 R2 Id264, 356-363 R2 Id265, 372-377 R2 Id266, 380-384 R2 Id267, 391-399 R2 Id268, 400-403 R2 Id269]
3[298-303 R3 Id270, 306-311 R3 Id271, 319-325 R3 Id272, 326-332 R3 Id273, 337-342 R3 Id274, 351-357 R3 Id275, 361-371 R3 Id276, 379-387 R3 Id277, 395-406 R3 Id278, 409-418 R3 Id279]
4[290-301 R4 Id280, 307-315 R4 Id281, 322-333 R4 Id282, 340-346 R4 Id283, 352-362 R4 Id284, 364-370 R4 Id285, 379-384 R4 Id286, 394-400 R4 Id287, 410-420 R4 Id288, 423-433 R4 Id289]
5[290-296 R5 Id290, 298-305 R5 Id291, 306-313 R5 Id292, 322-328 R5 Id293, 332-337 R5 Id294, 345-356 R5 Id295, 363-367 R5 Id296, 376-384 R5 Id297, 386-394 R5 Id298, 395-400 R5 Id299]

2[434-441 R2 Id200, 443-454 R2 Id201, 462-470 R2 Id202, 480-487 R2 Id203, 494-501 R2 Id204, 510-513 R2 Id205, 521-527 R2 Id206, 533-539 R2 Id207, 544-547 R2 Id208, 550-554 R2 Id209]
1[433-436 R1 Id210, 442-447 R1 Id211, 452-459 R1 Id212, 466-477 R1 Id213, 487-491 R1 Id214, 497-499 R1 Id215, 501-508 R1 Id216, 515-521 R1 Id217, 525-532 R1 Id218, 539-542 R1 Id219]
0[440-448 R0 Id220, 455-466 R0 Id221, 467-477 R0 Id222, 485-489 R0 Id223, 491-501 R0 Id224, 506-509 R0 Id225, 512-515 R0 Id226, 523-533 R0 Id227, 538-542 R0 Id228, 545-555 R0 Id229]
-1[441-451 R-1 Id230, 452-454 R-1 Id231, 463-466 R-1 Id232, 469-480 R-1 Id233, 482-488 R-1 Id234, 489-495 R-1 Id235, 498-502 R-1 Id236, 506-510 R-1 Id237, 513-523 R-1 Id238, 531-536 R-1 Id239]
0[441-443 R0 Id240, 450-459 R0 Id241, 466-473 R0 Id242, 479-488 R0 Id243, 494-501 R0 Id244, 504-511 R0 Id245, 516-520 R0 Id246, 524-527 R0 Id247, 531-542 R0 Id248, 552-557 R0 Id249]
1[439-447 R1 Id250, 457-467 R1 Id251, 473-477 R1 Id252, 480-491 R1 Id253, 496-505 R1 Id254, 509-515 R1 Id255, 524-535 R1 Id256, 537-542 R1 Id257, 550-552 R1 Id258, 558-560 R1 Id259]
2[437-448 R2 Id260, 456-463 R2 Id261, 465-474 R2 Id262, 479-483 R2 Id263, 487-494 R2 Id264, 500-507 R2 Id265, 516-521 R2 Id266, 524-528 R2 Id267, 535-543 R2 Id268, 544-547 R2 Id269]
3[442-447 R3 Id270, 450-455 R3 Id271, 463-469 R3 Id272, 470-476 R3 Id273, 481-486 R3 Id274, 495-501 R3 Id275, 505-515 R3 Id276, 523-531 R3 Id277, 539-550 R3 Id278, 553-562 R3 Id279]
4[434-445 R4 Id280, 451-459 R4 Id281, 466-477 R4 Id282, 484-490 R4 Id283, 496-506 R4 Id284, 508-514 R4 Id285, 523-528 R4 Id286, 538-544 R4 Id287, 554-564 R4 Id288, 567-577 R4 Id289]
5[434-440 R5 Id290, 442-449 R5 Id291, 450-457 R5 Id292, 466-472 R5 Id293, 476-481 R5 Id294, 489-500 R5 Id295, 507-511 R5 Id296, 520-528 R5 Id297, 530-538 R5 Id298, 539-544 R5 Id299]

2[578-585 R2 Id200, 587-598 R2 Id201, 606-614 R2 Id202, 624-631 R2 Id203, 638-645 R2 Id204, 654-657 R2 Id205, 665-671 R2 Id206, 677-683 R2 Id207, 688-691 R2 Id208, 694-698 R2 Id209]
1[577-580 R1 Id210, 586-591 R1 Id211, 596-603 R1 Id212, 610-621 R1 Id213, 631-635 R1 Id214, 641-643 R1 Id215, 645-652 R1 Id216, 659-665 R1 Id217, 669-676 R1 Id218, 683-686 R1 Id219]
0[584-592 R0 Id220, 599-610 R0 Id221, 611-621 R0 Id222, 629-633 R0 Id223, 635-645 R0 Id224, 650-653 R0 Id225, 656-659 R0 Id226, 667-677 R0 Id227, 682-686 R0 Id228, 689-699 R0 Id229]
-1[585-595 R-1 Id230, 596-598 R-1 Id231, 607-610 R-1 Id232, 613-624 R-1 Id233, 626-632 R-1 Id234, 633-639 R-1 Id235, 642-646 R-1 Id236, 650-654 R-1 Id237, 657-667 R-1 Id238, 675-680 R-1 Id239]
0[585-587 R0 Id240, 594-603 R0 Id241, 610-617 R0 Id242, 623-632 R0 Id243, 638-645 R0 Id244, 648-655 R0 Id245, 660-664 R0 Id246, 668-671 R0 Id247, 675-686 R0 Id248, 696-701 R0 Id249]
1[583-591 R1 Id250, 601-611 R1 Id251, 617-621 R1 Id252, 624-635 R1 Id253, 640-649 R1 Id254, 653-659 R1 Id255, 668-679 R1 Id256, 681-686 R1 Id257, 694-696 R1 Id258, 702-704 R1 Id259]
2[581-592 R2 Id260, 600-607 R2 Id261, 609-618 R2 Id262, 623-627 R2 Id263, 631-638 R2 Id264, 644-651 R2 Id265, 660-665 R2 Id266, 668-672 R2 Id267, 679-687 R2 Id268, 688-691 R2 Id269]
3[586-591 R3 Id270, 594-599 R3 Id271, 607-613 R3 Id272, 614-620 R3 Id273, 625-630 R3 Id274, 639-645 R3 Id275, 649-659 R3 Id276, 667-675 R3 Id277, 683-694 R3 Id278, 697-706 R3 Id279]
4[578-589 R4 Id280, 595-603 R4 Id281, 610-621 R4 Id282, 628-634 R4 Id283, 640-650 R4 Id284, 652-658 R4 Id285, 667-672 R4 Id286, 682-688 R4 Id287, 698-708 R4 Id288, 711-721 R4 Id289]
5[578-584 R5 Id290, 586-593 R5 Id291, 594-601 R5 Id292, 610-616 R5 Id293, 620-625 R5 Id294, 633-644 R5 Id295, 651-655 R5 Id296, 664-672 R5 Id297, 674-682 R5 Id298, 683-688 R5 Id299]

2[722-729 R2 Id200, 731-742 R2 Id201, 750-758 R2 Id202, 768-775 R2 Id203, 782-789 R2 Id204, 798-801 R2 Id205, 809-815 R2 Id206, 821-827 R2 Id207, 832-835 R2 Id208, 838-842 R2 Id209]
1[721-724 R1 Id210, 730-735 R1 Id211, 740-747 R1 Id212, 754-765 R1 Id213, 775-779 R1 Id214, 785-787 R1 Id215, 789-796 R1 Id216, 803-809 R1 Id217, 813-820 R1 Id218, 827-830 R1 Id219]
0[728-736 R0 Id220, 743-754 R0 Id221, 755-765 R0 Id222, 773-777 R0 Id223, 779-789 R0 Id224, 794-797 R0 Id225, 800-803 R0 Id226, 811-821 R0 Id227, 826-830 R0 Id228, 833-843 R0 Id229]
-1[729-739 R-1 Id230, 740-742 R-1 Id231, 751-754 R-1 Id232, 757-768 R-1 Id233, 770-776 R-1 Id234, 777-783 R-1 Id235, 786-790 R-1 Id236, 794-798 R-1 Id237, 801-811 R-1 Id238, 819-824 R-1 Id239]
0[729-731 R0 Id240, 738-747 R0 Id241, 754-761 R0 Id242, 767-776 R0 Id243, 782-789 R0 Id244, 792-799 R0 Id245, 804-808 R0 Id246, 812-815 R0 Id247, 819-830 R0 Id248, 840-845 R0 Id249]
1[727-735 R1 Id250, 745-755 R1 Id251, 761-765 R1 Id252, 768-779 R1 Id253, 784-793 R1 Id254, 797-803 R1 Id255, 812-823 R1 Id256, 825-830 R1 Id257, 838-840 R1 Id258, 846-848 R1 Id259]
2[725-736 R2 Id260, 744-751 R2 Id261, 753-762 R2 Id262, 767-771 R2 Id263, 775-782 R2 Id264, 788-795 R2 Id265, 804-809 R2 Id266, 812-816 R2 Id267, 823-831 R2 Id268, 832-835 R2 Id269]
3[730-735 R3 Id270, 738-743 R3 Id271, 751-757 R3 Id272, 758-764 R3 Id273, 769-774 R3 Id274, 783-789 R3 Id275, 793-803 R3 Id276, 811-819 R3 Id277, 827-838 R3 Id278, 841-850 R3 Id279]
4[722-733 R4 Id280, 739-747 R4 Id281, 754-765 R4 Id282, 772-778 R4 Id283, 784-794 R4 Id284, 796-802 R4 Id285, 811-816 R4 Id286, 826-832 R4 Id287, 842-852 R4 Id288, 855-865 R4 Id289]
5[722-728 R5 Id290, 730-737 R5 Id291, 738-745 R5 Id292, 754-760 R5 Id293, 764-769 R5 Id294, 777-788 R5 Id295, 795-799 R5 Id296, 808-816 R5 Id297, 818-826 R5 Id298, 827-832 R5 Id299]

2[866-873 R2 Id200, 875-886 R2 Id201, 894-902 R2 Id202, 912-919 R2 Id203, 926-933 R2 Id204, 942-945 R2 Id205, 953-959 R2 Id206, 965-971 R2 Id207, 976-979 R2 Id208, 982-986 R2 Id209]
1[865-868 R1 Id210, 874-879 R1 Id211, 884-891 R1 Id212, 898-909 R1 Id213, 919-923 R1 Id214, 929-931 R1 Id215, 933-940 R1 Id216, 947-953 R1 Id217, 957-964 R1 Id218, 971-974 R1 Id219]
0[872-880 R0 Id220, 887-898 R0 Id221, 899-909 R0 Id222, 917-921 R0 Id223, 923-933 R0 Id224, 938-941 R0 Id225, 944-947 R0 Id226, 955-965 R0 Id227, 970-974 R0 Id228, 977-987 R0 Id229]
-1[873-883 R-1 Id230, 884-886 R-1 Id231, 895-898 R-1 Id232, 901-912 R-1 Id233, 914-920 R-1 Id234, 921-927 R-1 Id235, 930-934 R-1 Id236, 938-942 R-1 Id237, 945-955 R-1 Id238, 963-968 R-1 Id239]
0[873-875 R0 Id240, 882-891 R0 Id241, 898-905 R0 Id242, 911-920 R0 Id243, 926-933 R0 Id244, 936-943 R0 Id245, 948-952 R0 Id246, 956-959 R0 Id247, 963-974 R0 Id248, 984-989 R0 Id249]
1[871-879 R1 Id250, 889-899 R1 Id251, 905-909 R1 Id252, 912-923 R1 Id253, 928-937 R1 Id254, 941-947 R1 Id255, 956-967 R1 Id256, 969-974 R1 Id257, 982-984 R1 Id258, 990-992 R1 Id259]
2[869-880 R2 Id260, 888-895 R2 Id261, 897-906 R2 Id262, 911-915 R2 Id263, 919-926 R2 Id264, 932-939 R2 Id265, 948-953 R2 Id266, 956-960 R2 Id267, 967-975 R2 Id268, 976-979 R2 Id269]
3[874-879 R3 Id270, 882-887 R3 Id271, 895-901 R3 Id272, 902-908 R3 Id273, 913-918 R3 Id274, 927-933 R3 Id275, 937-947 R3 Id276, 955-963 R3 Id277, 971-982 R3 Id278, 985-994 R3 Id279]
4[866-877 R4 Id280, 883-891 R4 Id281, 898-909 R4 Id282, 916-922 R4 Id283, 928-938 R4 Id284, 940-946 R4 Id285, 955-960 R4 Id286, 970-976 R4 Id287, 986-996 R4 Id288, 999-1009 R4 Id289]
5[866-872 R5 Id290, 874-881 R5 Id291, 882-889 R5 Id292, 898-904 R5 Id293, 908-913 R5 Id294, 921-932 R5 Id295, 939-943 R5 Id296, 952-960 R5 Id297, 962-970 R5 Id298, 971-976 R5 Id299]

2[1010-1017 R2 Id200, 1019-1030 R2 Id201, 1038-1046 R2 Id202, 1056-1063 R2 Id203, 1070-1077 R2 Id204, 1086-1089 R2 Id205, 1097-1103 R2 Id206, 1109-1115 R2 Id207, 1120-1123 R2 Id208, 1126-1130 R2 Id209]
1[1009-1012 R1 Id210, 1018-1023 R1 Id211, 1028-1035 R1 Id212, 1042-1053 R1 Id213, 1063-1067 R1 Id214, 1073-1075 R1 Id215, 1077-1084 R1 Id216, 1091-1097 R1 Id217, 1101-1108 R1 Id218, 1115-1118 R1 Id219]
0[1016-1024 R0 Id220, 1031-1042 R0 Id221, 1043-1053 R0 Id222, 1061-1065 R0 Id223, 1067-1077 R0 Id224, 1082-1085 R0 Id225, 1088-1091 R0 Id226, 1099-1109 R0 Id227, 1114-1118 R0 Id228, 1121-1131 R0 Id229]
-1[1017-1027 R-1 Id230, 1028-1030 R-1 Id231, 1039-1042 R-1 Id232, 1045-1056 R-1 Id233, 1058-1064 R-1 Id234, 1065-1071 R-1 Id235, 1074-1078 R-1 Id236, 1082-1086 R-1 Id237, 1089-1099 R-1 Id238, 1107-1112 R-1 Id239]
0[1017-1019 R0 Id240, 1026-1035 R0 Id241, 1042-1049 R0 Id242, 1055-1064 R0 Id243, 1070-1077 R0 Id244, 1080-1087 R0 Id245, 1092-1096 R0 Id246, 1100-1103 R0 Id247, 1107-1118 R0 Id248, 1128-1133 R0 Id249]
1[1015-1023 R1 Id250, 1033-1043 R1 Id251, 1049-1053 R1 Id252, 1056-1067 R1 Id253, 1072-1081 R1 Id254, 1085-1091 R1 Id255, 1100-1111 R1 Id256, 1113-1118 R1 Id257, 1126-1128 R1 Id258, 1134-1136 R1 Id259]
2[1013-1024 R2 Id260, 1032-1039 R2 Id261, 1041-1050 R2 Id262, 1055-1059 R2 Id263, 1063-1070 R2 Id264, 1076-1083 R2 Id265, 1092-1097 R2 Id266, 1100-1104 R2 Id267, 1111-1119 R2 Id268, 1120-1123 R2 Id269]
3[1018-1023 R3 Id270, 1026-1031 R3 Id271, 1039-1045 R3 Id272, 1046-1052 R3 Id273, 1057-1062 R3 Id274, 1071-1077 R3 Id275, 1081-1091 R3 Id276, 1099-1107 R3 Id277, 1115-1126 R3 Id278, 1129-1138 R3 Id279]
4[1010-1021 R4 Id280, 1027-1035 R4 Id281, 1042-1053 R4 Id282, 1060-1066 R4 Id283, 1072-1082 R4 Id284, 1084-1090 R4 Id285, 1099-1104 R4 Id286, 1114-1120 R4 Id287, 1130-1140 R4 Id288, 1143-1153 R4 Id289]
5[1010-1016 R5 Id290, 1018-1025 R5 Id291, 1026-1033 R5 Id292, 1042-1048 R5 Id293, 1052-1057 R5 Id294, 1065-1076 R5 Id295, 1083-1087 R5 Id296, 1096-1104 R5 Id297, 1106-1114 R5 Id298, 1115-1120 R5 Id299]

2[1154-1161 R2 Id200, 1163-1174 R2 Id201, 1182-1190 R2 Id202, 1200-1207 R2 Id203, 1214-1221 R2 Id204, 1230-1233 R2 Id205, 1241-1247 R2 Id206, 1253-1259 R2 Id207, 1264-1267 R2 Id208, 1270-1274 R2 Id209]
1[1153-1156 R1 Id210, 1162-1167 R1 Id211, 1172-1179 R1 Id212, 1186-1197 R1 Id213, 1207-1211 R1 Id214, 1217-1219 R1 Id215, 1221-1228 R1 Id216, 1235-1241 R1 Id217, 1245-1252 R1 Id218, 1259-1262 R1 Id219]
0[1160-1168 R0 Id220, 1175-1186 R0 Id221, 1187-1197 R0 Id222, 1205-1209 R0 Id223, 1211-1221 R0 Id224, 1226-1229 R0 Id225, 1232-1235 R0 Id226, 1243-1253 R0 Id227, 1258-1262 R0 Id228, 1265-1275 R0 Id229]
-1[1161-1171 R-1 Id230, 1172-1174 R-1 Id231, 1183-1186 R-1 Id232, 1189-1200 R-1 Id233, 1202-1208 R-1 Id234, 1209-1215 R-1 Id235, 1218-1222 R-1 Id236, 1226-1230 R-1 Id237, 1233-1243 R-1 Id238, 1251-1256 R-1 Id239]
0[1161-1163 R0 Id240, 1170-1179 R0 Id241, 1186-1193 R0 Id242, 1199-1208 R0 Id243, 1214-1221 R0 Id244, 1224-1231 R0 Id245, 1236-1240 R0 Id246, 1244-1247 R0 Id247, 1251-1262 R0 Id248, 1272-1277 R0 Id249]
1[1159-1167 R1 Id250, 1177-1187 R1 Id251, 1193-1197 R1 Id252, 1200-1211 R1 Id253, 1216-1225 R1 Id254, 1229-1235 R1 Id255, 1244-1255 R1 Id256, 1257-1262 R1 Id257, 1270-1272 R1 Id258, 1278-1280 R1 Id259]
2[1157-1168 R2 Id260, 1176-1183 R2 Id261, 1185-1194 R2 Id262, 1199-1203 R2 Id263, 1207-1214 R2 Id264, 1220-1227 R2 Id265, 1236-1241 R2 Id266, 1244-1248 R2 Id267, 1255-1263 R2 Id268, 1264-1267 R2 Id269]
3[1162-1167 R3 Id270, 1170-1175 R3 Id271, 1183-1189 R3 Id272, 1190-1196 R3 Id273, 1201-1206 R3 Id274, 1215-1221 R3 Id275, 1225-1235 R3 Id276, 1243-1251 R3 Id277, 1259-1270 R3 Id278, 1273-1282 R3 Id279]
4[1154-1165 R4 Id280, 1171-1179 R4 Id281, 1186-1197 R4 Id282, 1204-1210 R4 Id283, 1216-1226 R4 Id284, 1228-1234 R4 Id285, 1243-1248 R4 Id286, 1258-1264 R4 Id287, 1274-1284 R4 Id288, 1287-1297 R4 Id289]
5[1154-1160 R5 Id290, 1162-1169 R5 Id291, 1170-1177 R5 Id292, 1186-1192 R5 Id293, 1196-1201 R5 Id294, 1209-1220 R5 Id295, 1227-1231 R5 Id296, 1240-1248 R5 Id297, 1250-1258 R5 Id298, 1259-1264 R5 Id299]

2[1298-1305 R2 Id200, 1307-1318 R2 Id201, 1326-1334 R2 Id202, 1344-1351 R2 Id203, 1358-1365 R2 Id204, 1374-1377 R2 Id205, 1385-1391 R2 Id206, 1397-1403 R2 Id207, 1408-1411 R2 Id208, 1414-1418 R2 Id209]
1[1297-1300 R1 Id210, 1306-1311 R1 Id211, 1316-1323 R1 Id212, 1330-1341 R1 Id213, 1351-1355 R1 Id214, 1361-1363 R1 Id215, 1365-1372 R1 Id216, 1379-1385 R1 Id217, 1389-1396 R1 Id218, 1403-1406 R1 Id219]
0[1304-1312 R0 Id220, 1319-1330 R0 Id221, 1331-1341 R0 Id222, 1349-1353 R0 Id223, 1355-1365 R0 Id224, 1370-1373 R0 Id225, 1376-1379 R0 Id226, 1387-1397 R0 Id227, 1402-1406 R0 Id228, 1409-1419 R0 Id229]
-1[1305-1315 R-1 Id230, 1316-1318 R-1 Id231, 1327-1330 R-1 Id232, 1333-1344 R-1 Id233, 1346-1352 R-1 Id234, 1353-1359 R-1 Id235, 1362-1366 R-1 Id236, 1370-1374 R-1 Id237, 1377-1387 R-1 Id238, 1395-1400 R-1 Id239]
0[1305-1307 R0 Id240, 1314-1323 R0 Id241, 1330-1337 R0 Id242, 1343-1352 R0 Id243, 1358-1365 R0 Id244, 1368-1375 R0 Id245, 1380-1384 R0 Id246, 1388-1391 R0 Id247, 1395-1406 R0 Id248, 1416-1421 R0 Id249]
1[1303-1311 R1 Id250, 1321-1331 R1 Id251, 1337-1341 R1 Id252, 1344-1355 R1 Id253, 1360-1369 R1 Id254, 1373-1379 R1 Id255, 1388-1399 R1 Id256, 1401-1406 R1 Id257, 1414-1416 R1 Id258, 1422-1424 R1 Id259]
2[1301-1312 R2 Id260, 1320-1327 R2 Id261, 1329-1338 R2 Id262, 1343-1347 R2 Id263, 1351-1358 R2 Id264, 1364-1371 R2 Id265, 1380-1385 R2 Id266, 1388-1392 R2 Id267, 1399-1407 R2 Id268, 1408-1411 R2 Id269]
3[1306-1311 R3 Id270, 1314-1319 R3 Id271, 1327-1333 R3 Id272, 1334-1340 R3 Id273, 1345-1350 R3 Id274, 1359-1365 R3 Id275, 1369-1379 R3 Id276, 1387-1395 R3 Id277, 1403-1414 R3 Id278, 1417-1426 R3 Id279]
4[1298-1309 R4 Id280, 1315-1323 R4 Id281, 1330-1341 R4 Id282, 1348-1354 R4 Id283, 1360-1370 R4 Id284, 1372-1378 R4 Id285, 1387-1392 R4 Id286, 1402-1408 R4 Id287, 1418-1428 R4 Id288, 1431-1441 R4 Id289]
5[1298-1304 R5 Id290, 1306-1313 R5 Id291, 1314-1321 R5 Id292, 1330-1336 R5 Id293, 1340-1345 R5 Id294, 1353-1364 R5 Id295, 1371-1375 R5 Id296, 1384-1392 R5 Id297, 1394-1402 R5 Id298, 1403-1408 R5 Id299]

127
[7-11 R6 Id400, 134-138 R6 Id400, 261-265 R6 Id400, 388-392 R6 Id400, 515-519 R6 Id400, 642-646 R6 Id400, 769-773 R6 Id400, 896-900 R6 Id400, 1023-1027 R6 Id400, 1150-1154 R6 Id400]
[13-20 R6 Id401, 140-147 R6 Id401, 267-274 R6 Id401, 394-401 R6 Id401, 521-528 R6 Id401, 648-655 R6 Id401, 775-782 R6 Id401, 902-909 R6 Id401, 1029-1036 R6 Id401, 1156-1163 R6 Id401]
[29-31 R6 Id402, 156-158 R6 Id402, 283-285 R6 Id402, 410-412 R6 Id402, 537-539 R6 Id402, 664-666 R6 Id402, 791-793 R6 Id402, 918-920 R6 Id402, 1045-1047 R6 Id402, 1172-1174 R6 Id402]
[40-49 R6 Id403, 167-176 R6 Id403, 294-303 R6 Id403, 421-430 R6 Id403, 548-557 R6 Id403, 675-684 R6 Id403, 802-811 R6 Id403, 929-938 R6 Id403, 1056-1065 R6 Id403, 1183-1192 R6 Id403]
[59-67 R6 Id404, 186-194 R6 Id404, 313-321 R6 Id404, 440-448 R6 Id404, 567-575 R6 Id404, 694-702 R6 Id404, 821-829 R6 Id404, 948-956 R6 Id404, 1075-1083 R6 Id404, 1202-1210 R6 Id404]
[77-81 R6 Id405, 204-208 R6 Id405, 331-335 R6 Id405, 458-462 R6 Id405, 585-589 R6 Id405, 712-716 R6 Id405, 839-843 R6 Id405, 966-970 R6 Id405, 1093-1097 R6 Id405, 1220-1224 R6 Id405]
[88-93 R6 Id406, 215-220 R6 Id406, 342-347 R6 Id406, 469-474 R6 Id406, 596-601 R6 Id406, 723-728 R6 Id406, 850-855 R6 Id406, 977-982 R6 Id406, 1104-1109 R6 Id406, 1231-1236 R6 Id406]
[94-99 R6 Id407, 221-226 R6 Id407, 348-353 R6 Id407, 475-480 R6 Id407, 602-607 R6 Id407, 729-734 R6 Id407, 856-861 R6 Id407, 983-988 R6 Id407, 1110-1115 R6 Id407, 1237-1242 R6 Id407]
[101-110 R6 Id408, 228-237 R6 Id408, 355-364 R6 Id408, 482-491 R6 Id408, 609-618 R6 Id408, 736-745 R6 Id408, 863-872 R6 Id408, 990-999 R6 Id408, 1117-1126 R6 Id408, 1244-1253 R6 Id408]
[120-125 R6 Id409, 247-252 R6 Id409, 374-379 R6 Id409, 501-506 R6 Id409, 628-633 R6 Id409, 755-760 R6 Id409, 882-887 R6 Id409, 1009-1014 R6 Id409, 1136-1141 R6 Id409, 1263-1268 R6 Id409]
[10-20 R5 Id410, 137-147 R5 Id410, 264-274 R5 Id410, 391-401 R5 Id410, 518-528 R5 Id410, 645-655 R5 Id410, 772-782 R5 Id410, 899-909 R5 Id410, 1026-1036 R5 Id410, 1153-1163 R5 Id410]
[22-27 R5 Id411, 149-154 R5 Id411, 276-281 R5 Id411, 403-408 R5 Id411, 530-535 R5 Id411, 657-662 R5 Id411, 784-789 R5 Id411, 911-916 R5 Id411, 1038-1043 R5 Id411, 1165-1170 R5 Id411]
[29-35 R5 Id412, 156-162 R5 Id412, 283-289 R5 Id412, 410-416 R5 Id412, 537-543 R5 Id412, 664-670 R5 Id412, 791-797 R5 Id412, 918-924 R5 Id412, 1045-1051 R5 Id412, 1172-1178 R5 Id412]
[42-49 R5 Id413, 169-176 R5 Id413, 296-303 R5 Id413, 423-430 R5 Id413, 550-557 R5 Id413, 677-684 R5 Id413, 804-811 R5 Id413, 931-938 R5 Id413, 1058-1065 R5 Id413, 1185-1192 R5 Id413]
[52-56 R5 Id414, 179-183 R5 Id414, 306-310 R5 Id414, 433-437 R5 Id414, 560-564 R5 Id414, 687-691 R5 Id414, 814-818 R5 Id414, 941-945 R5 Id414, 1068-1072 R5 Id414, 1195-1199 R5 Id414]
[62-65 R5 Id415, 189-192 R5 Id415, 316-319 R5 Id415, 443-446 R5 Id415, 570-573 R5 Id415, 697-700 R5 Id415, 824-827 R5 Id415, 951-954 R5 Id415, 1078-1081 R5 Id415, 1205-1208 R5 Id415]
[69-79 R5 Id416, 196-206 R5 Id416, 323-333 R5 Id416, 450-460 R5 Id416, 577-587 R5 Id416, 704-714 R5 Id416, 831-841 R5 Id416, 958-968 R5 Id416, 1085-1095 R5 Id416, 1212-1222 R5 Id416]
[89-94 R5 Id417, 216-221 R5 Id417, 343-348 R5 Id417, 470-475 R5 Id417, 597-602 R5 Id417, 724-729 R5 Id417, 851-856 R5 Id417, 978-983 R5 Id417, 1105-1110 R5 Id417, 1232-1237 R5 Id417]
[96-98 R5 Id418, 223-225 R5 Id418, 350-352 R5 Id418, 477-479 R5 Id418, 604-606 R5 Id418, 731-733 R5 Id418, 858-860 R5 Id418, 985-987 R5 Id418, 1112-1114 R5 Id418, 1239-1241 R5 Id418]
[103-109 R5 Id419, 230-236 R5 Id419, 357-363 R5 Id419, 484-490 R5 Id419, 611-617 R5 Id419, 738-744 R5 Id419, 865-871 R5 Id419, 992-998 R5 Id419, 1119-1125 R5 Id419, 1246-1252 R5 Id419]
[8-17 R4 Id420, 135-144 R4 Id420, 262-271 R4 Id420, 389-398 R4 Id420, 516-525 R4 Id420, 643-652 R4 Id420, 770-779 R4 Id420, 897-906 R4 Id420, 1024-1033 R4 Id420, 1151-1160 R4 Id420]
[25-32 R4 Id421, 152-159 R4 Id421, 279-286 R4 Id421, 406-413 R4 Id421, 533-540 R4 Id421, 660-667 R4 Id421, 787-794 R4 Id421, 914-921 R4 Id421, 1041-1048 R4 Id421, 1168-1175 R4 Id421]
[34-42 R4 Id422, 161-169 R4 Id422, 288-296 R4 Id422, 415-423 R4 Id422, 542-550 R4 Id422, 669-677 R4 Id422, 796-804 R4 Id422, 923-931 R4 Id422, 1050-1058 R4 Id422, 1177-1185 R4 Id422]
[43-45 R4 Id423, 170-172 R4 Id423, 297-299 R4 Id423, 424-426 R4 Id423, 551-553 R4 Id423, 678-680 R4 Id423, 805-807 R4 Id423, 932-934 R4 Id423, 1059-1061 R4 Id423, 1186-1188 R4 Id423]
[54-58 R4 Id424, 181-185 R4 Id424, 308-312 R4 Id424, 435-439 R4 Id424, 562-566 R4 Id424, 689-693 R4 Id424, 816-820 R4 Id424, 943-947 R4 Id424, 1070-1074 R4 Id424, 1197-1201 R4 Id424]
[61-63 R4 Id425, 188-190 R4 Id425, 315-317 R4 Id425, 442-444 R4 Id425, 569-571 R4 Id425, 696-698 R4 Id425, 823-825 R4 Id425, 950-952 R4 Id425, 1077-1079 R4 Id425, 1204-1206 R4 Id425]
[70-77 R4 Id426, 197-204 R4 Id426, 324-331 R4 Id426, 451-458 R4 Id426, 578-585 R4 Id426, 705-712 R4 Id426, 832-839 R4 Id426, 959-966 R4 Id426, 1086-1093 R4 Id426, 1213-1220 R4 Id426]
[83-87 R4 Id427, 210-214 R4 Id427, 337-341 R4 Id427, 464-468 R4 Id427, 591-595 R4 Id427, 718-722 R4 Id427, 845-849 R4 Id427, 972-976 R4 Id427, 1099-1103 R4 Id427, 1226-1230 R4 Id427]
[93-96 R4 Id428, 220-223 R4 Id428, 347-350 R4 Id428, 474-477 R4 Id428, 601-604 R4 Id428, 728-731 R4 Id428, 855-858 R4 Id428, 982-985 R4 Id428, 1109-1112 R4 Id428, 1236-1239 R4 Id428]
[97-104 R4 Id429, 224-231 R4 Id429, 351-358 R4 Id429, 478-485 R4 Id429, 605-612 R4 Id429, 732-739 R4 Id429, 859-866 R4 Id429, 986-993 R4 Id429, 1113-1120 R4 Id429, 1240-1247 R4 Id429]
[6-13 R3 Id430, 133-140 R3 Id430, 260-267 R3 Id430, 387-394 R3 Id430, 514-521 R3 Id430, 641-648 R3 Id430, 768-775 R3 Id430, 895-902 R3 Id430, 1022-1029 R3 Id430, 1149-1156 R3 Id430]
[22-33 R3 Id431, 149-160 R3 Id431, 276-287 R3 Id431, 403-414 R3 Id431, 530-541 R3 Id431, 657-668 R3 Id431, 784-795 R3 Id431, 911-922 R3 Id431, 1038-1049 R3 Id431, 1165-1176 R3 Id431]
[37-40 R3 Id432, 164-167 R3 Id432, 291-294 R3 Id432, 418-421 R3 Id432, 545-548 R3 Id432, 672-675 R3 Id432, 799-802 R3 Id432, 926-929 R3 Id432, 1053-1056 R3 Id432, 1180-1183 R3 Id432]
[44-46 R3 Id433, 171-173 R3 Id433, 298-300 R3 Id433, 425-427 R3 Id433, 552-554 R3 Id433, 679-681 R3 Id433, 806-808 R3 Id433, 933-935 R3 Id433, 1060-1062 R3 Id433, 1187-1189 R3 Id433]
[54-64 R3 Id434, 181-191 R3 Id434, 308-318 R3 Id434, 435-445 R3 Id434, 562-572 R3 Id434, 689-699 R3 Id434, 816-826 R3 Id434, 943-953 R3 Id434, 1070-1080 R3 Id434, 1197-1207 R3 Id434]
[68-75 R3 Id435, 195-202 R3 Id435, 322-329 R3 Id435, 449-456 R3 Id435, 576-583 R3 Id435, 703-710 R3 Id435, 830-837 R3 Id435, 957-964 R3 Id435, 1084-1091 R3 Id435, 1211-1218 R3 Id435]
[82-84 R3 Id436, 209-211 R3 Id436, 336-338 R3 Id436, 463-465 R3 Id436, 590-592 R3 Id436, 717-719 R3 Id436, 844-846 R3 Id436, 971-973 R3 Id436, 1098-1100 R3 Id436, 1225-1227 R3 Id436]
[89-91 R3 Id437, 216-218 R3 Id437, 343-345 R3 Id437, 470-472 R3 Id437, 597-599 R3 Id437, 724-726 R3 Id437, 851-853 R3 Id437, 978-980 R3 Id437, 1105-1107 R3 Id437, 1232-1234 R3 Id437]
[97-108 R3 Id438, 224-235 R3 Id438, 351-362 R3 Id438, 478-489 R3 Id438, 605-616 R3 Id438, 732-743 R3 Id438, 859-870 R3 Id438, 986-997 R3 Id438, 1113-1124 R3 Id438, 1240-1251 R3 Id438]
[116-123 R3 Id439, 243-250 R3 Id439, 370-377 R3 Id439, 497-504 R3 Id439, 624-631 R3 Id439, 751-758 R3 Id439, 878-885 R3 Id439, 1005-1012 R3 Id439, 1132-1139 R3 Id439, 1259-1266 R3 Id439]
[2-9 R2 Id440, 129-136 R2 Id440, 256-263 R2 Id440, 383-390 R2 Id440, 510-517 R2 Id440, 637-644 R2 Id440, 764-771 R2 Id440, 891-898 R2 Id440, 1018-1025 R2 Id440, 1145-1152 R2 Id440]
[17-23 R2 Id441, 144-150 R2 Id441, 271-277 R2 Id441, 398-404 R2 Id441, 525-531 R2 Id441, 652-658 R2 Id441, 779-785 R2 Id441, 906-912 R2 Id441, 1033-1039 R2 Id441, 1160-1166 R2 Id441]
[24-28 R2 Id442, 151-155 R2 Id442, 278-282 R2 Id442, 405-409 R2 Id442, 532-536 R2 Id442, 659-663 R2 Id442, 786-790 R2 Id442, 913-917 R2 Id442, 1040-1044 R2 Id442, 1167-1171 R2 Id442]
[35-41 R2 Id443, 162-168 R2 Id443, 289-295 R2 Id443, 416-422 R2 Id443, 543-549 R2 Id443, 670-676 R2 Id443, 797-803 R2 Id443, 924-930 R2 Id443, 1051-1057 R2 Id443, 1178-1184 R2 Id443]
[47-58 R2 Id444, 174-185 R2 Id444, 301-312 R2 Id444, 428-439 R2 Id444, 555-566 R2 Id444, 682-693 R2 Id444, 809-820 R2 Id444, 936-947 R2 Id444, 1063-1074 R2 Id444, 1190-1201 R2 Id444]
[63-68 R2 Id445, 190-195 R2 Id445, 317-322 R2 Id445, 444-449 R2 Id445, 571-576 R2 Id445, 698-703 R2 Id445, 825-830 R2 Id445, 952-957 R2 Id445, 1079-1084 R2 Id445, 1206-1211 R2 Id445]
[73-77 R2 Id446, 200-204 R2 Id446, 327-331 R2 Id446, 454-458 R2 Id446, 581-585 R2 Id446, 708-712 R2 Id446, 835-839 R2 Id446, 962-966 R2 Id446, 1089-1093 R2 Id446, 1216-1220 R2 Id446]
[81-87 R2 Id447, 208-214 R2 Id447, 335-341 R2 Id447, 462-468 R2 Id447, 589-595 R2 Id447, 716-722 R2 Id447, 843-849 R2 Id447, 970-976 R2 Id447, 1097-1103 R2 Id447, 1224-1230 R2 Id447]
[90-93 R2 Id448, 217-220 R2 Id448, 344-347 R2 Id448, 471-474 R2 Id448, 598-601 R2 Id448, 725-728 R2 Id448, 852-855 R2 Id448, 979-982 R2 Id448, 1106-1109 R2 Id448, 1233-1236 R2 Id448]
[99-103 R2 Id449, 226-230 R2 Id449, 353-357 R2 Id449, 480-484 R2 Id449, 607-611 R2 Id449, 734-738 R2 Id449, 861-865 R2 Id449, 988-992 R2 Id449, 1115-1119 R2 Id449, 1242-1246 R2 Id449]
[7-12 R1 Id450, 134-139 R1 Id450, 261-266 R1 Id450, 388-393 R1 Id450, 515-520 R1 Id450, 642-647 R1 Id450, 769-774 R1 Id450, 896-901 R1 Id450, 1023-1028 R1 Id450, 1150-1155 R1 Id450]
[13-16 R1 Id451, 140-143 R1 Id451, 267-270 R1 Id451, 394-397 R1 Id451, 521-524 R1 Id451, 648-651 R1 Id451, 775-778 R1 Id451, 902-905 R1 Id451, 1029-1032 R1 Id451, 1156-1159 R1 Id451]
[22-32 R1 Id452, 149-159 R1 Id452, 276-286 R1 Id452, 403-413 R1 Id452, 530-540 R1 Id452, 657-667 R1 Id452, 784-794 R1 Id452, 911-921 R1 Id452, 1038-1048 R1 Id452, 1165-1175 R1 Id452]
[37-42 R1 Id453, 164-169 R1 Id453, 291-296 R1 Id453, 418-423 R1 Id453, 545-550 R1 Id453, 672-677 R1 Id453, 799-804 R1 Id453, 926-931 R1 Id453, 1053-1058 R1 Id453, 1180-1185 R1 Id453]
[43-48 R1 Id454, 170-175 R1 Id454, 297-302 R1 Id454, 424-429 R1 Id454, 551-556 R1 Id454, 678-683 R1 Id454, 805-810 R1 Id454, 932-937 R1 Id454, 1059-1064 R1 Id454, 1186-1191 R1 Id454]
[57-61 R1 Id455, 184-188 R1 Id455, 311-315 R1 Id455, 438-442 R1 Id455, 565-569 R1 Id455, 692-696 R1 Id455, 819-823 R1 Id455, 946-950 R1 Id455, 1073-1077 R1 Id455, 1200-1204 R1 Id455]
[62-65 R1 Id456, 189-192 R1 Id456, 316-319 R1 Id456, 443-446 R1 Id456, 570-573 R1 Id456, 697-700 R1 Id456, 824-827 R1 Id456, 951-954 R1 Id456, 1078-1081 R1 Id456, 1205-1208 R1 Id456]
[67-74 R1 Id457, 194-201 R1 Id457, 321-328 R1 Id457, 448-455 R1 Id457, 575-582 R1 Id457, 702-709 R1 Id457, 829-836 R1 Id457, 956-963 R1 Id457, 1083-1090 R1 Id457, 1210-1217 R1 Id457]
[77-86 R1 Id458, 204-213 R1 Id458, 331-340 R1 Id458, 458-467 R1 Id458, 585-594 R1 Id458, 712-721 R1 Id458, 839-848 R1 Id458, 966-975 R1 Id458, 1093-1102 R1 Id458, 1220-1229 R1 Id458]
[93-97 R1 Id459, 220-224 R1 Id459, 347-351 R1 Id459, 474-478 R1 Id459, 601-605 R1 Id459, 728-732 R1 Id459, 855-859 R1 Id459, 982-986 R1 Id459, 1109-1113 R1 Id459, 1236-1240 R1 Id459]
[10-20 R0 Id460, 137-147 R0 Id460, 264-274 R0 Id460, 391-401 R0 Id460, 518-528 R0 Id460, 645-655 R0 Id460, 772-782 R0 Id460, 899-909 R0 Id460, 1026-1036 R0 Id460, 1153-1163 R0 Id460]
[28-30 R0 Id461, 155-157 R0 Id461, 282-284 R0 Id461, 409-411 R0 Id461, 536-538 R0 Id461, 663-665 R0 Id461, 790-792 R0 Id461, 917-919 R0 Id461, 1044-1046 R0 Id461, 1171-1173 R0 Id461]
[35-37 R0 Id462, 162-164 R0 Id462, 289-291 R0 Id462, 416-418 R0 Id462, 543-545 R0 Id462, 670-672 R0 Id462, 797-799 R0 Id462, 924-926 R0 Id462, 1051-1053 R0 Id462, 1178-1180 R0 Id462]
[44-53 R0 Id463, 171-180 R0 Id463, 298-307 R0 Id463, 425-434 R0 Id463, 552-561 R0 Id463, 679-688 R0 Id463, 806-815 R0 Id463, 933-942 R0 Id463, 1060-1069 R0 Id463, 1187-1196 R0 Id463]
[59-67 R0 Id464, 186-194 R0 Id464, 313-321 R0 Id464, 440-448 R0 Id464, 567-575 R0 Id464, 694-702 R0 Id464, 821-829 R0 Id464, 948-956 R0 Id464, 1075-1083 R0 Id464, 1202-1210 R0 Id464]
[76-78 R0 Id465, 203-205 R0 Id465, 330-332 R0 Id465, 457-459 R0 Id465, 584-586 R0 Id465, 711-713 R0 Id465, 838-840 R0 Id465, 965-967 R0 Id465, 1092-1094 R0 Id465, 1219-1221 R0 Id465]
[80-91 R0 Id466, 207-218 R0 Id466, 334-345 R0 Id466, 461-472 R0 Id466, 588-599 R0 Id466, 715-726 R0 Id466, 842-853 R0 Id466, 969-980 R0 Id466, 1096-1107 R0 Id466, 1223-1234 R0 Id466]
[94-101 R0 Id467, 221-228 R0 Id467, 348-355 R0 Id467, 475-482 R0 Id467, 602-609 R0 Id467, 729-736 R0 Id467, 856-863 R0 Id467, 983-990 R0 Id467, 1110-1117 R0 Id467, 1237-1244 R0 Id467]
[104-107 R0 Id468, 231-234 R0 Id468, 358-361 R0 Id468, 485-488 R0 Id468, 612-615 R0 Id468, 739-742 R0 Id468, 866-869 R0 Id468, 993-996 R0 Id468, 1120-1123 R0 Id468, 1247-1250 R0 Id468]
[110-121 R0 Id469, 237-248 R0 Id469, 364-375 R0 Id469, 491-502 R0 Id469, 618-629 R0 Id469, 745-756 R0 Id469, 872-883 R0 Id469, 999-1010 R0 Id469, 1126-1137 R0 Id469, 1253-1264 R0 Id469]
[8-17 R-1 Id470, 135-144 R-1 Id470, 262-271 R-1 Id470, 389-398 R-1 Id470, 516-525 R-1 Id470, 643-652 R-1 Id470, 770-779 R-1 Id470, 897-906 R-1 Id470, 1024-1033 R-1 Id470, 1151-1160 R-1 Id470]
[19-21 R-1 Id471, 146-148 R-1 Id471, 273-275 R-1 Id471, 400-402 R-1 Id471, 527-529 R-1 Id471, 654-656 R-1 Id471, 781-783 R-1 Id471, 908-910 R-1 Id471, 1035-1037 R-1 Id471, 1162-1164 R-1 Id471]
[30-37 R-1 Id472, 157-164 R-1 Id472, 284-291 R-1 Id472, 411-418 R-1 Id472, 538-545 R-1 Id472, 665-672 R-1 Id472, 792-799 R-1 Id472, 919-926 R-1 Id472, 1046-1053 R-1 Id472, 1173-1180 R-1 Id472]
[40-48 R-1 Id473, 167-175 R-1 Id473, 294-302 R-1 Id473, 421-429 R-1 Id473, 548-556 R-1 Id473, 675-683 R-1 Id473, 802-810 R-1 Id473, 929-937 R-1 Id473, 1056-1064 R-1 Id473, 1183-1191 R-1 Id473]
[52-57 R-1 Id474, 179-184 R-1 Id474, 306-311 R-1 Id474, 433-438 R-1 Id474, 560-565 R-1 Id474, 687-692 R-1 Id474, 814-819 R-1 Id474, 941-946 R-1 Id474, 1068-1073 R-1 Id474, 1195-1200 R-1 Id474]
[65-69 R-1 Id475, 192-196 R-1 Id475, 319-323 R-1 Id475, 446-450 R-1 Id475, 573-577 R-1 Id475, 700-704 R-1 Id475, 827-831 R-1 Id475, 954-958 R-1 Id475, 1081-1085 R-1 Id475, 1208-1212 R-1 Id475]
[77-88 R-1 Id476, 204-215 R-1 Id476, 331-342 R-1 Id476, 458-469 R-1 Id476, 585-596 R-1 Id476, 712-723 R-1 Id476, 839-850 R-1 Id476, 966-977 R-1 Id476, 1093-1104 R-1 Id476, 1220-1231 R-1 Id476]
[92-97 R-1 Id477, 219-224 R-1 Id477, 346-351 R-1 Id477, 473-478 R-1 Id477, 600-605 R-1 Id477, 727-732 R-1 Id477, 854-859 R-1 Id477, 981-986 R-1 Id477, 1108-1113 R-1 Id477, 1235-1240 R-1 Id477]
[105-110 R-1 Id478, 232-237 R-1 Id478, 359-364 R-1 Id478, 486-491 R-1 Id478, 613-618 R-1 Id478, 740-745 R-1 Id478, 867-872 R-1 Id478, 994-999 R-1 Id478, 1121-1126 R-1 Id478, 1248-1253 R-1 Id478]
[112-117 R-1 Id479, 239-244 R-1 Id479, 366-371 R-1 Id479, 493-498 R-1 Id479, 620-625 R-1 Id479, 747-752 R-1 Id479, 874-879 R-1 Id479, 1001-1006 R-1 Id479, 1128-1133 R-1 Id479, 1255-1260 R-1 Id479]
[3-11 R0 Id480, 130-138 R0 Id480, 257-265 R0 Id480, 384-392 R0 Id480, 511-519 R0 Id480, 638-646 R0 Id480, 765-773 R0 Id480, 892-900 R0 Id480, 1019-1027 R0 Id480, 1146-1154 R0 Id480]
[17-24 R0 Id481, 144-151 R0 Id481, 271-278 R0 Id481, 398-405 R0 Id481, 525-532 R0 Id481, 652-659 R0 Id481, 779-786 R0 Id481, 906-913 R0 Id481, 1033-1040 R0 Id481, 1160-1167 R0 Id481]
[25-35 R0 Id482, 152-162 R0 Id482, 279-289 R0 Id482, 406-416 R0 Id482, 533-543 R0 Id482, 660-670 R0 Id482, 787-797 R0 Id482, 914-924 R0 Id482, 1041-1051 R0 Id482, 1168-1178 R0 Id482]
[41-43 R0 Id483, 168-170 R0 Id483, 295-297 R0 Id483, 422-424 R0 Id483, 549-551 R0 Id483, 676-678 R0 Id483, 803-805 R0 Id483, 930-932 R0 Id483, 1057-1059 R0 Id483, 1184-1186 R0 Id483]
[46-53 R0 Id484, 173-180 R0 Id484, 300-307 R0 Id484, 427-434 R0 Id484, 554-561 R0 Id484, 681-688 R0 Id484, 808-815 R0 Id484, 935-942 R0 Id484, 1062-1069 R0 Id484, 1189-1196 R0 Id484]
[55-61 R0 Id485, 182-188 R0 Id485, 309-315 R0 Id485, 436-442 R0 Id485, 563-569 R0 Id485, 690-696 R0 Id485, 817-823 R0 Id485, 944-950 R0 Id485, 1071-1077 R0 Id485, 1198-1204 R0 Id485]
[71-81 R0 Id486, 198-208 R0 Id486, 325-335 R0 Id486, 452-462 R0 Id486, 579-589 R0 Id486, 706-716 R0 Id486, 833-843 R0 Id486, 960-970 R0 Id486, 1087-1097 R0 Id486, 1214-1224 R0 Id486]
[84-94 R0 Id487, 211-221 R0 Id487, 338-348 R0 Id487, 465-475 R0 Id487, 592-602 R0 Id487, 719-729 R0 Id487, 846-856 R0 Id487, 973-983 R0 Id487, 1100-1110 R0 Id487, 1227-1237 R0 Id487]
[103-114 R0 Id488, 230-241 R0 Id488, 357-368 R0 Id488, 484-495 R0 Id488, 611-622 R0 Id488, 738-749 R0 Id488, 865-876 R0 Id488, 992-1003 R0 Id488, 1119-1130 R0 Id488, 1246-1257 R0 Id488]
[122-124 R0 Id489, 249-251 R0 Id489, 376-378 R0 Id489, 503-505 R0 Id489, 630-632 R0 Id489, 757-759 R0 Id489, 884-886 R0 Id489, 1011-1013 R0 Id489, 1138-1140 R0 Id489, 1265-1267 R0 Id489]
[2-10 R1 Id490, 129-137 R1 Id490, 256-264 R1 Id490, 383-391 R1 Id490, 510-518 R1 Id490, 637-645 R1 Id490, 764-772 R1 Id490, 891-899 R1 Id490, 1018-1026 R1 Id490, 1145-1153 R1 Id490]
[15-24 R1 Id491, 142-151 R1 Id491, 269-278 R1 Id491, 396-405 R1 Id491, 523-532 R1 Id491, 650-659 R1 Id491, 777-786 R1 Id491, 904-913 R1 Id491, 1031-1040 R1 Id491, 1158-1167 R1 Id491]
[34-41 R1 Id492, 161-168 R1 Id492, 288-295 R1 Id492, 415-422 R1 Id492, 542-549 R1 Id492, 669-676 R1 Id492, 796-803 R1 Id492, 923-930 R1 Id492, 1050-1057 R1 Id492, 1177-1184 R1 Id492]
[42-47 R1 Id493, 169-174 R1 Id493, 296-301 R1 Id493, 423-428 R1 Id493, 550-555 R1 Id493, 677-682 R1 Id493, 804-809 R1 Id493, 931-936 R1 Id493, 1058-1063 R1 Id493, 1185-1190 R1 Id493]
[54-63 R1 Id494, 181-190 R1 Id494, 308-317 R1 Id494, 435-444 R1 Id494, 562-571 R1 Id494, 689-698 R1 Id494, 816-825 R1 Id494, 943-952 R1 Id494, 1070-1079 R1 Id494, 1197-1206 R1 Id494]
[70-72 R1 Id495, 197-199 R1 Id495, 324-326 R1 Id495, 451-453 R1 Id495, 578-580 R1 Id495, 705-707 R1 Id495, 832-834 R1 Id495, 959-961 R1 Id495, 1086-1088 R1 Id495, 1213-1215 R1 Id495]
[80-84 R1 Id496, 207-211 R1 Id496, 334-338 R1 Id496, 461-465 R1 Id496, 588-592 R1 Id496, 715-719 R1 Id496, 842-846 R1 Id496, 969-973 R1 Id496, 1096-1100 R1 Id496, 1223-1227 R1 Id496]
[88-91 R1 Id497, 215-218 R1 Id497, 342-345 R1 Id497, 469-472 R1 Id497, 596-599 R1 Id497, 723-726 R1 Id497, 850-853 R1 Id497, 977-980 R1 Id497, 1104-1107 R1 Id497, 1231-1234 R1 Id497]
[100-107 R1 Id498, 227-234 R1 Id498, 354-361 R1 Id498, 481-488 R1 Id498, 608-615 R1 Id498, 735-742 R1 Id498, 862-869 R1 Id498, 989-996 R1 Id498, 1116-1123 R1 Id498, 1243-1250 R1 Id498]
[117-126 R1 Id499, 244-253 R1 Id499, 371-380 R1 Id499, 498-507 R1 Id499, 625-634 R1 Id499, 752-761 R1 Id499, 879-888 R1 Id499, 1006-1015 R1 Id499, 1133-1142 R1 Id499, 1260-1269 R1 Id499]
]]></system-out>
  <system-err><![CDATA[]]></system-err>
</testsuite>
