<?xml version="1.0" encoding="UTF-8"?>
<testsuite name="math.entity.LineListTest" tests="15" skipped="0" failures="0" errors="0" timestamp="2019-11-11T07:26:29" hostname="DESKTOP-HSKT15E" time="0.007">
  <properties/>
  <testcase name="getNumberOfLine" classname="math.entity.LineListTest" time="0.0"/>
  <testcase name="insideBefore" classname="math.entity.LineListTest" time="0.001"/>
  <testcase name="insideAfter" classname="math.entity.LineListTest" time="0.0"/>
  <testcase name="addAll" classname="math.entity.LineListTest" time="0.0"/>
  <testcase name="addAfter" classname="math.entity.LineListTest" time="0.0"/>
  <testcase name="getMax" classname="math.entity.LineListTest" time="0.001"/>
  <testcase name="addBefore" classname="math.entity.LineListTest" time="0.0"/>
  <testcase name="addEquals" classname="math.entity.LineListTest" time="0.0"/>
  <testcase name="get" classname="math.entity.LineListTest" time="0.0"/>
  <testcase name="addOnBefore" classname="math.entity.LineListTest" time="0.0"/>
  <testcase name="addWithoutLineEquals" classname="math.entity.LineListTest" time="0.001"/>
  <testcase name="sortLineSegments" classname="math.entity.LineListTest" time="0.0"/>
  <testcase name="addOnAfter" classname="math.entity.LineListTest" time="0.0"/>
  <testcase name="addZeroSegments" classname="math.entity.LineListTest" time="0.0"/>
  <testcase name="isSegmentCanBeInList" classname="math.entity.LineListTest" time="0.0"/>
  <system-out><![CDATA[2-4 R0 Id-1
0[0-1 R-1 Id-1, 4-5 R-1 Id-1, 0-1 R-1 Id-1, 0-1 R-1 Id-1]
]]></system-out>
  <system-err><![CDATA[]]></system-err>
</testsuite>
